[14:16:56] [INFO  ] [main.java.Utils.Utils]  : Reading config file
[14:16:56] [INFO  ] [main.java.Main.Menu]  : Mastermind game started in defense mode and developer mode
[14:16:56] [INFO  ] [main.java.Utils.Utils]  : Reading config file
[14:16:56] [INFO  ] [main.java.Utils.Utils]  : Recovered the number of max tries
[14:16:56] [INFO  ] [main.java.Utils.Utils]  : Reading config file
[14:16:56] [INFO  ] [main.java.Utils.Utils]  : Recovered the length of the secret code
[14:16:56] [INFO  ] [main.java.Mastermind.Mastermind]  : Creating the secret code
[14:16:59] [INFO  ] [main.java.Utils.Utils]  : Reading config file
[14:16:59] [INFO  ] [main.java.Utils.Utils]  : Recovered the length of the secret code
[14:16:59] [INFO  ] [main.java.Mastermind.Mastermind]  : Player set the secret code to 70177
[14:16:59] [INFO  ] [main.java.Utils.Utils]  : Reading config file
[14:16:59] [INFO  ] [main.java.Utils.Utils]  : Recovered the length of the secret code
[14:16:59] [INFO  ] [main.java.Utils.Utils]  : Reading config file
[14:16:59] [INFO  ] [main.java.Utils.Utils]  : Recovered the length of the secret code
[14:16:59] [INFO  ] [main.java.Utils.Utils]  : Reading config file
[14:16:59] [INFO  ] [main.java.Utils.Utils]  : Recovered the length of the secret code
[14:16:59] [INFO  ] [main.java.Utils.Utils]  : Reading config file
[14:16:59] [INFO  ] [main.java.Utils.Utils]  : Recovered the length of the secret code
[14:16:59] [INFO  ] [main.java.Utils.Utils]  : Reading config file
[14:16:59] [INFO  ] [main.java.Utils.Utils]  : Recovered the length of the secret code
[14:16:59] [INFO  ] [main.java.Utils.Utils]  : Reading config file
[14:16:59] [INFO  ] [main.java.Utils.Utils]  : Recovered the length of the secret code
[14:16:59] [INFO  ] [main.java.Utils.Utils]  : Reading config file
[14:16:59] [INFO  ] [main.java.Utils.Utils]  : Recovered the length of the secret code
[14:16:59] [INFO  ] [main.java.Utils.Utils]  : Reading config file
[14:16:59] [INFO  ] [main.java.Utils.Utils]  : Recovered the length of the secret code
[14:16:59] [INFO  ] [main.java.Utils.Utils]  : Reading config file
[14:16:59] [INFO  ] [main.java.Utils.Utils]  : Recovered the length of the secret code
[14:16:59] [INFO  ] [main.java.Utils.Utils]  : Reading config file
[14:16:59] [INFO  ] [main.java.Utils.Utils]  : Recovered the length of the secret code
[14:16:59] [INFO  ] [main.java.Utils.Utils]  : Reading config file
[14:16:59] [INFO  ] [main.java.Utils.Utils]  : Recovered the length of the secret code
[14:16:59] [INFO  ] [main.java.Utils.Utils]  : Reading config file
[14:16:59] [INFO  ] [main.java.Utils.Utils]  : Recovered the length of the secret code
[14:16:59] [INFO  ] [main.java.Utils.Utils]  : Reading config file
[14:16:59] [INFO  ] [main.java.Utils.Utils]  : Recovered the length of the secret code
[14:16:59] [INFO  ] [main.java.Utils.Utils]  : Reading config file
[14:16:59] [INFO  ] [main.java.Utils.Utils]  : Recovered the length of the secret code
[14:16:59] [INFO  ] [main.java.Utils.Utils]  : Reading config file
[14:16:59] [INFO  ] [main.java.Utils.Utils]  : Recovered the length of the secret code
[14:16:59] [INFO  ] [main.java.Utils.Utils]  : Reading config file
[14:16:59] [INFO  ] [main.java.Utils.Utils]  : Recovered the length of the secret code
[14:16:59] [INFO  ] [main.java.Utils.Utils]  : Reading config file
[14:16:59] [INFO  ] [main.java.Utils.Utils]  : Recovered the length of the secret code
[14:16:59] [INFO  ] [main.java.Utils.Utils]  : Reading config file
[14:16:59] [INFO  ] [main.java.Utils.Utils]  : Recovered the length of the secret code
[14:16:59] [INFO  ] [main.java.Utils.Utils]  : Reading config file
[14:16:59] [INFO  ] [main.java.Utils.Utils]  : Recovered the length of the secret code
[14:16:59] [INFO  ] [main.java.Utils.Utils]  : Reading config file
[14:16:59] [INFO  ] [main.java.Utils.Utils]  : Recovered the length of the secret code
[14:16:59] [INFO  ] [main.java.Utils.Utils]  : Reading config file
[14:16:59] [INFO  ] [main.java.Utils.Utils]  : Recovered the length of the secret code
[14:16:59] [INFO  ] [main.java.Utils.Utils]  : Reading config file
[14:16:59] [INFO  ] [main.java.Utils.Utils]  : Recovered the length of the secret code
[14:16:59] [INFO  ] [main.java.Utils.Utils]  : Reading config file
[14:16:59] [INFO  ] [main.java.Utils.Utils]  : Recovered the length of the secret code
[14:16:59] [INFO  ] [main.java.Utils.Utils]  : Reading config file
[14:16:59] [INFO  ] [main.java.Utils.Utils]  : Recovered the length of the secret code
[14:16:59] [INFO  ] [main.java.Utils.Utils]  : Reading config file
[14:16:59] [INFO  ] [main.java.Utils.Utils]  : Recovered the length of the secret code
[14:16:59] [INFO  ] [main.java.Utils.Utils]  : Reading config file
[14:16:59] [INFO  ] [main.java.Utils.Utils]  : Recovered the length of the secret code
[14:16:59] [INFO  ] [main.java.Utils.Utils]  : Reading config file
[14:16:59] [INFO  ] [main.java.Utils.Utils]  : Recovered the length of the secret code
[14:16:59] [INFO  ] [main.java.Utils.Utils]  : Reading config file
[14:16:59] [INFO  ] [main.java.Utils.Utils]  : Recovered the length of the secret code
[14:16:59] [INFO  ] [main.java.Utils.Utils]  : Reading config file
[14:16:59] [INFO  ] [main.java.Utils.Utils]  : Recovered the length of the secret code
[14:16:59] [INFO  ] [main.java.Utils.Utils]  : Reading config file
[14:16:59] [INFO  ] [main.java.Utils.Utils]  : Recovered the length of the secret code
[14:16:59] [INFO  ] [main.java.Utils.Utils]  : Reading config file
[14:16:59] [INFO  ] [main.java.Utils.Utils]  : Recovered the length of the secret code
[14:16:59] [INFO  ] [main.java.Utils.Utils]  : Reading config file
[14:16:59] [INFO  ] [main.java.Utils.Utils]  : Recovered the length of the secret code
[14:16:59] [INFO  ] [main.java.Utils.Utils]  : Reading config file
[14:16:59] [INFO  ] [main.java.Utils.Utils]  : Recovered the length of the secret code
[14:16:59] [INFO  ] [main.java.Utils.Utils]  : Reading config file
[14:16:59] [INFO  ] [main.java.Utils.Utils]  : Recovered the length of the secret code
[14:16:59] [INFO  ] [main.java.Utils.Utils]  : Reading config file
[14:16:59] [INFO  ] [main.java.Utils.Utils]  : Recovered the length of the secret code
[14:16:59] [INFO  ] [main.java.Utils.Utils]  : Reading config file
[14:16:59] [INFO  ] [main.java.Utils.Utils]  : Recovered the length of the secret code
[14:16:59] [INFO  ] [main.java.Utils.Utils]  : Reading config file
[14:16:59] [INFO  ] [main.java.Utils.Utils]  : Recovered the length of the secret code
[14:16:59] [INFO  ] [main.java.Utils.Utils]  : Reading config file
[14:16:59] [INFO  ] [main.java.Utils.Utils]  : Recovered the length of the secret code
[14:16:59] [INFO  ] [main.java.Utils.Utils]  : Reading config file
[14:16:59] [INFO  ] [main.java.Utils.Utils]  : Recovered the length of the secret code
[14:16:59] [INFO  ] [main.java.Utils.Utils]  : Reading config file
[14:16:59] [INFO  ] [main.java.Utils.Utils]  : Recovered the length of the secret code
[14:16:59] [INFO  ] [main.java.Utils.Utils]  : Reading config file
[14:16:59] [INFO  ] [main.java.Utils.Utils]  : Recovered the length of the secret code
[14:16:59] [INFO  ] [main.java.Utils.Utils]  : Reading config file
[14:16:59] [INFO  ] [main.java.Utils.Utils]  : Recovered the length of the secret code
[14:16:59] [INFO  ] [main.java.Utils.Utils]  : Reading config file
[14:16:59] [INFO  ] [main.java.Utils.Utils]  : Recovered the length of the secret code
[14:16:59] [INFO  ] [main.java.Utils.Utils]  : Reading config file
[14:16:59] [INFO  ] [main.java.Utils.Utils]  : Recovered the length of the secret code
[14:16:59] [INFO  ] [main.java.Utils.Utils]  : Reading config file
[14:16:59] [INFO  ] [main.java.Utils.Utils]  : Recovered the length of the secret code
[14:16:59] [INFO  ] [main.java.Utils.Utils]  : Reading config file
[14:16:59] [INFO  ] [main.java.Utils.Utils]  : Recovered the length of the secret code
[14:16:59] [INFO  ] [main.java.Utils.Utils]  : Reading config file
[14:16:59] [INFO  ] [main.java.Utils.Utils]  : Recovered the length of the secret code
[14:16:59] [INFO  ] [main.java.Utils.Utils]  : Reading config file
[14:16:59] [INFO  ] [main.java.Utils.Utils]  : Recovered the length of the secret code
[14:16:59] [INFO  ] [main.java.Utils.Utils]  : Reading config file
[14:16:59] [INFO  ] [main.java.Utils.Utils]  : Recovered the length of the secret code
[14:16:59] [INFO  ] [main.java.Utils.Utils]  : Reading config file
[14:16:59] [INFO  ] [main.java.Utils.Utils]  : Recovered the length of the secret code
[14:16:59] [INFO  ] [main.java.Utils.Utils]  : Reading config file
[14:16:59] [INFO  ] [main.java.Utils.Utils]  : Recovered the length of the secret code
[14:16:59] [INFO  ] [main.java.Utils.Utils]  : Reading config file
[14:16:59] [INFO  ] [main.java.Utils.Utils]  : Recovered the length of the secret code
[14:16:59] [INFO  ] [main.java.Utils.Utils]  : Reading config file
[14:16:59] [INFO  ] [main.java.Utils.Utils]  : Recovered the length of the secret code
[14:16:59] [INFO  ] [main.java.Utils.Utils]  : Reading config file
[14:16:59] [INFO  ] [main.java.Utils.Utils]  : Recovered the length of the secret code
