[14:31:40] [INFO  ] [main.java.Utils.Utils]  : Reading config file
[14:31:40] [INFO  ] [main.java.Main.Menu]  : Mastermind game started in defense mode and developer mode
[14:31:40] [INFO  ] [main.java.Utils.Utils]  : Reading config file
[14:31:40] [INFO  ] [main.java.Utils.Utils]  : Recovered the number of max tries
[14:31:40] [INFO  ] [main.java.Utils.Utils]  : Reading config file
[14:31:40] [INFO  ] [main.java.Utils.Utils]  : Recovered the length of the secret code
[14:31:40] [INFO  ] [main.java.Mastermind.Mastermind]  : Creating the secret code
[14:31:43] [INFO  ] [main.java.Utils.Utils]  : Reading config file
[14:31:43] [INFO  ] [main.java.Utils.Utils]  : Recovered the length of the secret code
[14:31:43] [INFO  ] [main.java.Mastermind.Mastermind]  : Player set the secret code to 15568
[14:31:43] [INFO  ] [main.java.Utils.Utils]  : Reading config file
[14:31:43] [INFO  ] [main.java.Utils.Utils]  : Recovered the length of the secret code
[14:31:43] [INFO  ] [main.java.Utils.Utils]  : Reading config file
[14:31:43] [INFO  ] [main.java.Utils.Utils]  : Recovered the length of the secret code
[14:31:43] [INFO  ] [main.java.Utils.Utils]  : Reading config file
[14:31:43] [INFO  ] [main.java.Utils.Utils]  : Recovered the length of the secret code
[14:31:43] [INFO  ] [main.java.Utils.Utils]  : Reading config file
[14:31:43] [INFO  ] [main.java.Utils.Utils]  : Recovered the length of the secret code
[14:31:43] [INFO  ] [main.java.Utils.Utils]  : Reading config file
[14:31:43] [INFO  ] [main.java.Utils.Utils]  : Recovered the length of the secret code
[14:31:43] [INFO  ] [main.java.Utils.Utils]  : Reading config file
[14:31:43] [INFO  ] [main.java.Utils.Utils]  : Recovered the length of the secret code
[14:31:43] [INFO  ] [main.java.Utils.Utils]  : Reading config file
[14:31:43] [INFO  ] [main.java.Utils.Utils]  : Recovered the length of the secret code
[14:31:43] [INFO  ] [main.java.Utils.Utils]  : Reading config file
[14:31:43] [INFO  ] [main.java.Utils.Utils]  : Recovered the length of the secret code
[14:31:43] [INFO  ] [main.java.Utils.Utils]  : Reading config file
[14:31:43] [INFO  ] [main.java.Utils.Utils]  : Recovered the length of the secret code
[14:31:43] [INFO  ] [main.java.Utils.Utils]  : Reading config file
[14:31:43] [INFO  ] [main.java.Utils.Utils]  : Recovered the length of the secret code
[14:31:43] [INFO  ] [main.java.Utils.Utils]  : Reading config file
[14:31:43] [INFO  ] [main.java.Utils.Utils]  : Recovered the length of the secret code
[14:31:43] [INFO  ] [main.java.Utils.Utils]  : Reading config file
[14:31:43] [INFO  ] [main.java.Utils.Utils]  : Recovered the length of the secret code
[14:31:43] [INFO  ] [main.java.Utils.Utils]  : Reading config file
[14:31:43] [INFO  ] [main.java.Utils.Utils]  : Recovered the length of the secret code
[14:31:43] [INFO  ] [main.java.Utils.Utils]  : Reading config file
[14:31:43] [INFO  ] [main.java.Utils.Utils]  : Recovered the length of the secret code
[14:31:43] [INFO  ] [main.java.Utils.Utils]  : Reading config file
[14:31:43] [INFO  ] [main.java.Utils.Utils]  : Recovered the length of the secret code
[14:31:43] [INFO  ] [main.java.Utils.Utils]  : Reading config file
[14:31:43] [INFO  ] [main.java.Utils.Utils]  : Recovered the length of the secret code
[14:31:43] [INFO  ] [main.java.Utils.Utils]  : Reading config file
[14:31:43] [INFO  ] [main.java.Utils.Utils]  : Recovered the length of the secret code
[14:31:43] [INFO  ] [main.java.Utils.Utils]  : Reading config file
[14:31:43] [INFO  ] [main.java.Utils.Utils]  : Recovered the length of the secret code
[14:31:43] [INFO  ] [main.java.Utils.Utils]  : Reading config file
[14:31:43] [INFO  ] [main.java.Utils.Utils]  : Recovered the length of the secret code
[14:31:43] [INFO  ] [main.java.Utils.Utils]  : Reading config file
[14:31:43] [INFO  ] [main.java.Utils.Utils]  : Recovered the length of the secret code
[14:31:43] [INFO  ] [main.java.Utils.Utils]  : Reading config file
[14:31:43] [INFO  ] [main.java.Utils.Utils]  : Recovered the length of the secret code
[14:31:43] [INFO  ] [main.java.Utils.Utils]  : Reading config file
[14:31:43] [INFO  ] [main.java.Utils.Utils]  : Recovered the length of the secret code
[14:31:43] [INFO  ] [main.java.Utils.Utils]  : Reading config file
[14:31:43] [INFO  ] [main.java.Utils.Utils]  : Recovered the length of the secret code
[14:31:43] [INFO  ] [main.java.Utils.Utils]  : Reading config file
[14:31:43] [INFO  ] [main.java.Utils.Utils]  : Recovered the length of the secret code
[14:31:43] [INFO  ] [main.java.Utils.Utils]  : Reading config file
[14:31:43] [INFO  ] [main.java.Utils.Utils]  : Recovered the length of the secret code
[14:31:43] [INFO  ] [main.java.Utils.Utils]  : Reading config file
[14:31:43] [INFO  ] [main.java.Utils.Utils]  : Recovered the length of the secret code
[14:31:43] [INFO  ] [main.java.Utils.Utils]  : Reading config file
[14:31:43] [INFO  ] [main.java.Utils.Utils]  : Recovered the length of the secret code
[14:31:43] [INFO  ] [main.java.Utils.Utils]  : Reading config file
[14:31:43] [INFO  ] [main.java.Utils.Utils]  : Recovered the length of the secret code
[14:31:43] [INFO  ] [main.java.Utils.Utils]  : Reading config file
[14:31:43] [INFO  ] [main.java.Utils.Utils]  : Recovered the length of the secret code
[14:31:43] [INFO  ] [main.java.Utils.Utils]  : Reading config file
[14:31:43] [INFO  ] [main.java.Utils.Utils]  : Recovered the length of the secret code
[14:31:43] [INFO  ] [main.java.Utils.Utils]  : Reading config file
[14:31:43] [INFO  ] [main.java.Utils.Utils]  : Recovered the length of the secret code
[14:31:43] [INFO  ] [main.java.Utils.Utils]  : Reading config file
[14:31:43] [INFO  ] [main.java.Utils.Utils]  : Recovered the length of the secret code
[14:31:43] [INFO  ] [main.java.Utils.Utils]  : Reading config file
[14:31:43] [INFO  ] [main.java.Utils.Utils]  : Recovered the length of the secret code
[14:31:43] [INFO  ] [main.java.Utils.Utils]  : Reading config file
[14:31:43] [INFO  ] [main.java.Utils.Utils]  : Recovered the length of the secret code
[14:31:43] [INFO  ] [main.java.Utils.Utils]  : Reading config file
[14:31:43] [INFO  ] [main.java.Utils.Utils]  : Recovered the length of the secret code
[14:31:43] [INFO  ] [main.java.Utils.Utils]  : Reading config file
[14:31:43] [INFO  ] [main.java.Utils.Utils]  : Recovered the length of the secret code
[14:31:43] [INFO  ] [main.java.Utils.Utils]  : Reading config file
[14:31:43] [INFO  ] [main.java.Utils.Utils]  : Recovered the length of the secret code
[14:31:43] [INFO  ] [main.java.Utils.Utils]  : Reading config file
[14:31:43] [INFO  ] [main.java.Utils.Utils]  : Recovered the length of the secret code
[14:31:43] [INFO  ] [main.java.Utils.Utils]  : Reading config file
[14:31:43] [INFO  ] [main.java.Utils.Utils]  : Recovered the length of the secret code
[14:31:43] [INFO  ] [main.java.Utils.Utils]  : Reading config file
[14:31:43] [INFO  ] [main.java.Utils.Utils]  : Recovered the length of the secret code
[14:31:43] [INFO  ] [main.java.Utils.Utils]  : Reading config file
[14:31:43] [INFO  ] [main.java.Utils.Utils]  : Recovered the length of the secret code
[14:31:43] [INFO  ] [main.java.Utils.Utils]  : Reading config file
[14:31:43] [INFO  ] [main.java.Utils.Utils]  : Recovered the length of the secret code
[14:31:43] [INFO  ] [main.java.Utils.Utils]  : Reading config file
[14:31:43] [INFO  ] [main.java.Utils.Utils]  : Recovered the length of the secret code
[14:31:43] [INFO  ] [main.java.Utils.Utils]  : Reading config file
[14:31:43] [INFO  ] [main.java.Utils.Utils]  : Recovered the length of the secret code
[14:31:43] [INFO  ] [main.java.Utils.Utils]  : Reading config file
[14:31:43] [INFO  ] [main.java.Utils.Utils]  : Recovered the length of the secret code
[14:31:43] [INFO  ] [main.java.Utils.Utils]  : Reading config file
[14:31:43] [INFO  ] [main.java.Utils.Utils]  : Recovered the length of the secret code
[14:31:43] [INFO  ] [main.java.Utils.Utils]  : Reading config file
[14:31:43] [INFO  ] [main.java.Utils.Utils]  : Recovered the length of the secret code
[14:31:43] [INFO  ] [main.java.Utils.Utils]  : Reading config file
[14:31:43] [INFO  ] [main.java.Utils.Utils]  : Recovered the length of the secret code
[14:31:43] [INFO  ] [main.java.Utils.Utils]  : Reading config file
[14:31:43] [INFO  ] [main.java.Utils.Utils]  : Recovered the length of the secret code
[14:31:43] [INFO  ] [main.java.Utils.Utils]  : Reading config file
[14:31:43] [INFO  ] [main.java.Utils.Utils]  : Recovered the length of the secret code
[14:31:43] [INFO  ] [main.java.Utils.Utils]  : Reading config file
[14:31:43] [INFO  ] [main.java.Utils.Utils]  : Recovered the length of the secret code
[14:31:43] [INFO  ] [main.java.Utils.Utils]  : Reading config file
[14:31:43] [INFO  ] [main.java.Utils.Utils]  : Recovered the length of the secret code
[14:31:43] [INFO  ] [main.java.Utils.Utils]  : Reading config file
[14:31:43] [INFO  ] [main.java.Utils.Utils]  : Recovered the length of the secret code
[14:31:43] [INFO  ] [main.java.Utils.Utils]  : Reading config file
[14:31:43] [INFO  ] [main.java.Utils.Utils]  : Recovered the length of the secret code
[14:31:43] [INFO  ] [main.java.Utils.Utils]  : Reading config file
[14:31:43] [INFO  ] [main.java.Utils.Utils]  : Recovered the length of the secret code
[14:31:43] [INFO  ] [main.java.Utils.Utils]  : Reading config file
[14:31:43] [INFO  ] [main.java.Utils.Utils]  : Recovered the length of the secret code
[14:31:43] [INFO  ] [main.java.Utils.Utils]  : Reading config file
[14:31:43] [INFO  ] [main.java.Utils.Utils]  : Recovered the length of the secret code
[14:31:43] [INFO  ] [main.java.Utils.Utils]  : Reading config file
[14:31:43] [INFO  ] [main.java.Utils.Utils]  : Recovered the length of the secret code
[14:31:43] [INFO  ] [main.java.Utils.Utils]  : Reading config file
[14:31:43] [INFO  ] [main.java.Utils.Utils]  : Recovered the length of the secret code
[14:31:43] [INFO  ] [main.java.Utils.Utils]  : Reading config file
[14:31:43] [INFO  ] [main.java.Utils.Utils]  : Recovered the length of the secret code
[14:31:43] [INFO  ] [main.java.Utils.Utils]  : Reading config file
[14:31:43] [INFO  ] [main.java.Utils.Utils]  : Recovered the length of the secret code
[14:31:43] [INFO  ] [main.java.Utils.Utils]  : Reading config file
[14:31:43] [INFO  ] [main.java.Utils.Utils]  : Recovered the length of the secret code
[14:31:43] [INFO  ] [main.java.Mastermind.Mastermind]  : Computer found the secret code in 10 move(s)
[14:31:48] [INFO  ] [main.java.Main.Menu]  : Mastermind game started in defense mode and developer mode
[14:31:48] [INFO  ] [main.java.Utils.Utils]  : Reading config file
[14:31:48] [INFO  ] [main.java.Utils.Utils]  : Recovered the number of max tries
[14:31:48] [INFO  ] [main.java.Utils.Utils]  : Reading config file
[14:31:48] [INFO  ] [main.java.Utils.Utils]  : Recovered the length of the secret code
[14:31:48] [INFO  ] [main.java.Mastermind.Mastermind]  : Creating the secret code
[14:31:52] [INFO  ] [main.java.Utils.Utils]  : Reading config file
[14:31:52] [INFO  ] [main.java.Utils.Utils]  : Recovered the length of the secret code
[14:31:52] [INFO  ] [main.java.Mastermind.Mastermind]  : Player set the secret code to 77182
[14:31:52] [INFO  ] [main.java.Utils.Utils]  : Reading config file
[14:31:52] [INFO  ] [main.java.Utils.Utils]  : Recovered the length of the secret code
[14:31:52] [INFO  ] [main.java.Utils.Utils]  : Reading config file
[14:31:52] [INFO  ] [main.java.Utils.Utils]  : Recovered the length of the secret code
[14:31:52] [INFO  ] [main.java.Utils.Utils]  : Reading config file
[14:31:52] [INFO  ] [main.java.Utils.Utils]  : Recovered the length of the secret code
[14:31:52] [INFO  ] [main.java.Utils.Utils]  : Reading config file
[14:31:52] [INFO  ] [main.java.Utils.Utils]  : Recovered the length of the secret code
[14:31:52] [INFO  ] [main.java.Utils.Utils]  : Reading config file
[14:31:52] [INFO  ] [main.java.Utils.Utils]  : Recovered the length of the secret code
[14:31:52] [INFO  ] [main.java.Utils.Utils]  : Reading config file
[14:31:52] [INFO  ] [main.java.Utils.Utils]  : Recovered the length of the secret code
[14:31:52] [INFO  ] [main.java.Utils.Utils]  : Reading config file
[14:31:52] [INFO  ] [main.java.Utils.Utils]  : Recovered the length of the secret code
[14:31:52] [INFO  ] [main.java.Utils.Utils]  : Reading config file
[14:31:52] [INFO  ] [main.java.Utils.Utils]  : Recovered the length of the secret code
[14:31:52] [INFO  ] [main.java.Utils.Utils]  : Reading config file
[14:31:52] [INFO  ] [main.java.Utils.Utils]  : Recovered the length of the secret code
[14:31:52] [INFO  ] [main.java.Utils.Utils]  : Reading config file
[14:31:52] [INFO  ] [main.java.Utils.Utils]  : Recovered the length of the secret code
[14:31:52] [INFO  ] [main.java.Utils.Utils]  : Reading config file
[14:31:52] [INFO  ] [main.java.Utils.Utils]  : Recovered the length of the secret code
[14:31:52] [INFO  ] [main.java.Utils.Utils]  : Reading config file
[14:31:52] [INFO  ] [main.java.Utils.Utils]  : Recovered the length of the secret code
[14:31:52] [INFO  ] [main.java.Utils.Utils]  : Reading config file
[14:31:52] [INFO  ] [main.java.Utils.Utils]  : Recovered the length of the secret code
[14:31:52] [INFO  ] [main.java.Utils.Utils]  : Reading config file
[14:31:52] [INFO  ] [main.java.Utils.Utils]  : Recovered the length of the secret code
[14:31:52] [INFO  ] [main.java.Utils.Utils]  : Reading config file
[14:31:52] [INFO  ] [main.java.Utils.Utils]  : Recovered the length of the secret code
[14:31:52] [INFO  ] [main.java.Utils.Utils]  : Reading config file
[14:31:52] [INFO  ] [main.java.Utils.Utils]  : Recovered the length of the secret code
[14:31:52] [INFO  ] [main.java.Utils.Utils]  : Reading config file
[14:31:52] [INFO  ] [main.java.Utils.Utils]  : Recovered the length of the secret code
[14:31:52] [INFO  ] [main.java.Utils.Utils]  : Reading config file
[14:31:52] [INFO  ] [main.java.Utils.Utils]  : Recovered the length of the secret code
[14:31:52] [INFO  ] [main.java.Utils.Utils]  : Reading config file
[14:31:52] [INFO  ] [main.java.Utils.Utils]  : Recovered the length of the secret code
[14:31:52] [INFO  ] [main.java.Utils.Utils]  : Reading config file
[14:31:52] [INFO  ] [main.java.Utils.Utils]  : Recovered the length of the secret code
[14:31:52] [INFO  ] [main.java.Utils.Utils]  : Reading config file
[14:31:52] [INFO  ] [main.java.Utils.Utils]  : Recovered the length of the secret code
[14:31:52] [INFO  ] [main.java.Utils.Utils]  : Reading config file
[14:31:52] [INFO  ] [main.java.Utils.Utils]  : Recovered the length of the secret code
[14:31:52] [INFO  ] [main.java.Utils.Utils]  : Reading config file
[14:31:52] [INFO  ] [main.java.Utils.Utils]  : Recovered the length of the secret code
[14:31:52] [INFO  ] [main.java.Utils.Utils]  : Reading config file
[14:31:52] [INFO  ] [main.java.Utils.Utils]  : Recovered the length of the secret code
[14:31:52] [INFO  ] [main.java.Utils.Utils]  : Reading config file
[14:31:52] [INFO  ] [main.java.Utils.Utils]  : Recovered the length of the secret code
[14:31:52] [INFO  ] [main.java.Utils.Utils]  : Reading config file
[14:31:52] [INFO  ] [main.java.Utils.Utils]  : Recovered the length of the secret code
[14:31:52] [INFO  ] [main.java.Utils.Utils]  : Reading config file
[14:31:52] [INFO  ] [main.java.Utils.Utils]  : Recovered the length of the secret code
[14:31:52] [INFO  ] [main.java.Utils.Utils]  : Reading config file
[14:31:52] [INFO  ] [main.java.Utils.Utils]  : Recovered the length of the secret code
[14:31:52] [INFO  ] [main.java.Utils.Utils]  : Reading config file
[14:31:52] [INFO  ] [main.java.Utils.Utils]  : Recovered the length of the secret code
[14:31:52] [INFO  ] [main.java.Utils.Utils]  : Reading config file
[14:31:52] [INFO  ] [main.java.Utils.Utils]  : Recovered the length of the secret code
[14:31:52] [INFO  ] [main.java.Utils.Utils]  : Reading config file
[14:31:52] [INFO  ] [main.java.Utils.Utils]  : Recovered the length of the secret code
[14:31:52] [INFO  ] [main.java.Utils.Utils]  : Reading config file
[14:31:52] [INFO  ] [main.java.Utils.Utils]  : Recovered the length of the secret code
