[13:29:44] [INFO  ] [main.java.Utils.Utils]  : Reading config file
[13:29:44] [INFO  ] [main.java.Main.Menu]  : Mastermind game started in challenger mode and developer mode
[13:29:44] [INFO  ] [main.java.Utils.Utils]  : Reading config file
[13:29:44] [INFO  ] [main.java.Utils.Utils]  : Recovered the number of max tries
[13:29:44] [INFO  ] [main.java.Utils.Utils]  : Reading config file
[13:29:44] [INFO  ] [main.java.Utils.Utils]  : Recovered the length of the secret code
[13:29:44] [INFO  ] [main.java.Mastermind.Mastermind]  : Creating the secret code
[13:29:53] [INFO  ] [main.java.Utils.Utils]  : Reading config file
[13:29:53] [INFO  ] [main.java.Utils.Utils]  : Recovered the length of the secret code
[13:29:53] [INFO  ] [main.java.Mastermind.Mastermind]  : Player found the secret code in 1 move(s)
[13:30:03] [INFO  ] [main.java.Utils.Utils]  : Reading config file
[13:30:03] [INFO  ] [main.java.Main.Menu]  : Mastermind game started in challenger mode and developer mode
[13:30:03] [INFO  ] [main.java.Utils.Utils]  : Reading config file
[13:30:03] [INFO  ] [main.java.Utils.Utils]  : Recovered the number of max tries
[13:30:03] [INFO  ] [main.java.Utils.Utils]  : Reading config file
[13:30:03] [INFO  ] [main.java.Utils.Utils]  : Recovered the length of the secret code
[13:30:03] [INFO  ] [main.java.Mastermind.Mastermind]  : Creating the secret code
[13:30:09] [INFO  ] [main.java.Utils.Utils]  : Reading config file
[13:30:09] [INFO  ] [main.java.Utils.Utils]  : Recovered the length of the secret code
[13:30:09] [INFO  ] [main.java.Mastermind.Mastermind]  : Player found the secret code in 1 move(s)
[13:30:43] [INFO  ] [main.java.Main.Menu]  : Stopping program
