[14:25:15] [INFO  ] [main.java.Utils.Utils]  : Reading config file
[14:25:15] [INFO  ] [main.java.Main.Menu]  : Mastermind game started in defense mode and developer mode
[14:25:15] [INFO  ] [main.java.Utils.Utils]  : Reading config file
[14:25:15] [INFO  ] [main.java.Utils.Utils]  : Recovered the number of max tries
[14:25:15] [INFO  ] [main.java.Utils.Utils]  : Reading config file
[14:25:15] [INFO  ] [main.java.Utils.Utils]  : Recovered the length of the secret code
[14:25:15] [INFO  ] [main.java.Mastermind.Mastermind]  : Creating the secret code
[14:25:19] [INFO  ] [main.java.Utils.Utils]  : Reading config file
[14:25:19] [INFO  ] [main.java.Utils.Utils]  : Recovered the length of the secret code
[14:25:19] [INFO  ] [main.java.Mastermind.Mastermind]  : Player set the secret code to 58603
[14:25:19] [INFO  ] [main.java.Utils.Utils]  : Reading config file
[14:25:19] [INFO  ] [main.java.Utils.Utils]  : Recovered the length of the secret code
[14:25:19] [INFO  ] [main.java.Utils.Utils]  : Reading config file
[14:25:19] [INFO  ] [main.java.Utils.Utils]  : Recovered the length of the secret code
[14:25:19] [INFO  ] [main.java.Utils.Utils]  : Reading config file
[14:25:19] [INFO  ] [main.java.Utils.Utils]  : Recovered the length of the secret code
[14:25:19] [INFO  ] [main.java.Utils.Utils]  : Reading config file
[14:25:19] [INFO  ] [main.java.Utils.Utils]  : Recovered the length of the secret code
[14:25:19] [INFO  ] [main.java.Utils.Utils]  : Reading config file
[14:25:19] [INFO  ] [main.java.Utils.Utils]  : Recovered the length of the secret code
[14:25:19] [INFO  ] [main.java.Utils.Utils]  : Reading config file
[14:25:19] [INFO  ] [main.java.Utils.Utils]  : Recovered the length of the secret code
[14:25:19] [INFO  ] [main.java.Utils.Utils]  : Reading config file
[14:25:19] [INFO  ] [main.java.Utils.Utils]  : Recovered the length of the secret code
[14:25:19] [INFO  ] [main.java.Utils.Utils]  : Reading config file
[14:25:19] [INFO  ] [main.java.Utils.Utils]  : Recovered the length of the secret code
[14:25:19] [INFO  ] [main.java.Utils.Utils]  : Reading config file
[14:25:19] [INFO  ] [main.java.Utils.Utils]  : Recovered the length of the secret code
[14:25:19] [INFO  ] [main.java.Utils.Utils]  : Reading config file
[14:25:19] [INFO  ] [main.java.Utils.Utils]  : Recovered the length of the secret code
[14:25:19] [INFO  ] [main.java.Utils.Utils]  : Reading config file
[14:25:19] [INFO  ] [main.java.Utils.Utils]  : Recovered the length of the secret code
[14:25:19] [INFO  ] [main.java.Utils.Utils]  : Reading config file
[14:25:19] [INFO  ] [main.java.Utils.Utils]  : Recovered the length of the secret code
[14:25:19] [INFO  ] [main.java.Utils.Utils]  : Reading config file
[14:25:19] [INFO  ] [main.java.Utils.Utils]  : Recovered the length of the secret code
[14:25:19] [INFO  ] [main.java.Utils.Utils]  : Reading config file
[14:25:19] [INFO  ] [main.java.Utils.Utils]  : Recovered the length of the secret code
[14:25:19] [INFO  ] [main.java.Utils.Utils]  : Reading config file
[14:25:19] [INFO  ] [main.java.Utils.Utils]  : Recovered the length of the secret code
[14:25:19] [INFO  ] [main.java.Utils.Utils]  : Reading config file
[14:25:19] [INFO  ] [main.java.Utils.Utils]  : Recovered the length of the secret code
[14:25:19] [INFO  ] [main.java.Utils.Utils]  : Reading config file
[14:25:19] [INFO  ] [main.java.Utils.Utils]  : Recovered the length of the secret code
[14:25:19] [INFO  ] [main.java.Utils.Utils]  : Reading config file
[14:25:19] [INFO  ] [main.java.Utils.Utils]  : Recovered the length of the secret code
[14:25:19] [INFO  ] [main.java.Utils.Utils]  : Reading config file
[14:25:19] [INFO  ] [main.java.Utils.Utils]  : Recovered the length of the secret code
[14:25:19] [INFO  ] [main.java.Utils.Utils]  : Reading config file
[14:25:19] [INFO  ] [main.java.Utils.Utils]  : Recovered the length of the secret code
[14:25:19] [INFO  ] [main.java.Utils.Utils]  : Reading config file
[14:25:19] [INFO  ] [main.java.Utils.Utils]  : Recovered the length of the secret code
[14:25:19] [INFO  ] [main.java.Utils.Utils]  : Reading config file
[14:25:19] [INFO  ] [main.java.Utils.Utils]  : Recovered the length of the secret code
[14:25:19] [INFO  ] [main.java.Utils.Utils]  : Reading config file
[14:25:19] [INFO  ] [main.java.Utils.Utils]  : Recovered the length of the secret code
[14:25:19] [INFO  ] [main.java.Utils.Utils]  : Reading config file
[14:25:19] [INFO  ] [main.java.Utils.Utils]  : Recovered the length of the secret code
[14:25:19] [INFO  ] [main.java.Utils.Utils]  : Reading config file
[14:25:19] [INFO  ] [main.java.Utils.Utils]  : Recovered the length of the secret code
[14:25:19] [INFO  ] [main.java.Utils.Utils]  : Reading config file
[14:25:19] [INFO  ] [main.java.Utils.Utils]  : Recovered the length of the secret code
[14:25:19] [INFO  ] [main.java.Utils.Utils]  : Reading config file
[14:25:19] [INFO  ] [main.java.Utils.Utils]  : Recovered the length of the secret code
[14:25:19] [INFO  ] [main.java.Utils.Utils]  : Reading config file
[14:25:19] [INFO  ] [main.java.Utils.Utils]  : Recovered the length of the secret code
[14:25:19] [INFO  ] [main.java.Utils.Utils]  : Reading config file
[14:25:19] [INFO  ] [main.java.Utils.Utils]  : Recovered the length of the secret code
[14:25:19] [INFO  ] [main.java.Utils.Utils]  : Reading config file
[14:25:19] [INFO  ] [main.java.Utils.Utils]  : Recovered the length of the secret code
[14:25:19] [INFO  ] [main.java.Utils.Utils]  : Reading config file
[14:25:19] [INFO  ] [main.java.Utils.Utils]  : Recovered the length of the secret code
[14:25:19] [INFO  ] [main.java.Utils.Utils]  : Reading config file
[14:25:19] [INFO  ] [main.java.Utils.Utils]  : Recovered the length of the secret code
[14:25:19] [INFO  ] [main.java.Utils.Utils]  : Reading config file
[14:25:19] [INFO  ] [main.java.Utils.Utils]  : Recovered the length of the secret code
[14:25:19] [INFO  ] [main.java.Utils.Utils]  : Reading config file
[14:25:19] [INFO  ] [main.java.Utils.Utils]  : Recovered the length of the secret code
[14:25:19] [INFO  ] [main.java.Utils.Utils]  : Reading config file
[14:25:19] [INFO  ] [main.java.Utils.Utils]  : Recovered the length of the secret code
[14:25:19] [INFO  ] [main.java.Utils.Utils]  : Reading config file
[14:25:19] [INFO  ] [main.java.Utils.Utils]  : Recovered the length of the secret code
[14:25:19] [INFO  ] [main.java.Utils.Utils]  : Reading config file
[14:25:19] [INFO  ] [main.java.Utils.Utils]  : Recovered the length of the secret code
[14:25:19] [INFO  ] [main.java.Utils.Utils]  : Reading config file
[14:25:19] [INFO  ] [main.java.Utils.Utils]  : Recovered the length of the secret code
[14:25:19] [INFO  ] [main.java.Utils.Utils]  : Reading config file
[14:25:19] [INFO  ] [main.java.Utils.Utils]  : Recovered the length of the secret code
[14:25:19] [INFO  ] [main.java.Utils.Utils]  : Reading config file
[14:25:19] [INFO  ] [main.java.Utils.Utils]  : Recovered the length of the secret code
[14:25:19] [INFO  ] [main.java.Utils.Utils]  : Reading config file
[14:25:19] [INFO  ] [main.java.Utils.Utils]  : Recovered the length of the secret code
[14:25:19] [INFO  ] [main.java.Utils.Utils]  : Reading config file
[14:25:19] [INFO  ] [main.java.Utils.Utils]  : Recovered the length of the secret code
[14:25:19] [INFO  ] [main.java.Utils.Utils]  : Reading config file
[14:25:19] [INFO  ] [main.java.Utils.Utils]  : Recovered the length of the secret code
[14:25:19] [INFO  ] [main.java.Utils.Utils]  : Reading config file
[14:25:19] [INFO  ] [main.java.Utils.Utils]  : Recovered the length of the secret code
[14:25:19] [INFO  ] [main.java.Utils.Utils]  : Reading config file
[14:25:19] [INFO  ] [main.java.Utils.Utils]  : Recovered the length of the secret code
[14:25:19] [INFO  ] [main.java.Utils.Utils]  : Reading config file
[14:25:19] [INFO  ] [main.java.Utils.Utils]  : Recovered the length of the secret code
[14:25:19] [INFO  ] [main.java.Utils.Utils]  : Reading config file
[14:25:19] [INFO  ] [main.java.Utils.Utils]  : Recovered the length of the secret code
[14:25:19] [INFO  ] [main.java.Utils.Utils]  : Reading config file
[14:25:19] [INFO  ] [main.java.Utils.Utils]  : Recovered the length of the secret code
[14:25:19] [INFO  ] [main.java.Utils.Utils]  : Reading config file
[14:25:19] [INFO  ] [main.java.Utils.Utils]  : Recovered the length of the secret code
[14:25:19] [INFO  ] [main.java.Utils.Utils]  : Reading config file
[14:25:19] [INFO  ] [main.java.Utils.Utils]  : Recovered the length of the secret code
[14:25:19] [INFO  ] [main.java.Utils.Utils]  : Reading config file
[14:25:19] [INFO  ] [main.java.Utils.Utils]  : Recovered the length of the secret code
[14:25:19] [INFO  ] [main.java.Utils.Utils]  : Reading config file
[14:25:19] [INFO  ] [main.java.Utils.Utils]  : Recovered the length of the secret code
[14:25:19] [INFO  ] [main.java.Utils.Utils]  : Reading config file
[14:25:19] [INFO  ] [main.java.Utils.Utils]  : Recovered the length of the secret code
[14:25:19] [INFO  ] [main.java.Utils.Utils]  : Reading config file
[14:25:19] [INFO  ] [main.java.Utils.Utils]  : Recovered the length of the secret code
[14:25:19] [INFO  ] [main.java.Utils.Utils]  : Reading config file
[14:25:19] [INFO  ] [main.java.Utils.Utils]  : Recovered the length of the secret code
[14:25:19] [INFO  ] [main.java.Utils.Utils]  : Reading config file
[14:25:19] [INFO  ] [main.java.Utils.Utils]  : Recovered the length of the secret code
[14:25:19] [INFO  ] [main.java.Utils.Utils]  : Reading config file
[14:25:19] [INFO  ] [main.java.Utils.Utils]  : Recovered the length of the secret code
[14:25:19] [INFO  ] [main.java.Utils.Utils]  : Reading config file
[14:25:19] [INFO  ] [main.java.Utils.Utils]  : Recovered the length of the secret code
[14:25:19] [INFO  ] [main.java.Utils.Utils]  : Reading config file
[14:25:19] [INFO  ] [main.java.Utils.Utils]  : Recovered the length of the secret code
[14:25:19] [INFO  ] [main.java.Utils.Utils]  : Reading config file
[14:25:19] [INFO  ] [main.java.Utils.Utils]  : Recovered the length of the secret code
[14:25:19] [INFO  ] [main.java.Utils.Utils]  : Reading config file
[14:25:19] [INFO  ] [main.java.Utils.Utils]  : Recovered the length of the secret code
[14:25:19] [INFO  ] [main.java.Utils.Utils]  : Reading config file
[14:25:19] [INFO  ] [main.java.Utils.Utils]  : Recovered the length of the secret code
[14:25:19] [INFO  ] [main.java.Utils.Utils]  : Reading config file
[14:25:19] [INFO  ] [main.java.Utils.Utils]  : Recovered the length of the secret code
[14:25:19] [INFO  ] [main.java.Utils.Utils]  : Reading config file
[14:25:19] [INFO  ] [main.java.Utils.Utils]  : Recovered the length of the secret code
[14:25:19] [INFO  ] [main.java.Utils.Utils]  : Reading config file
[14:25:19] [INFO  ] [main.java.Utils.Utils]  : Recovered the length of the secret code
[14:25:19] [INFO  ] [main.java.Utils.Utils]  : Reading config file
[14:25:19] [INFO  ] [main.java.Utils.Utils]  : Recovered the length of the secret code
[14:25:19] [INFO  ] [main.java.Utils.Utils]  : Reading config file
[14:25:19] [INFO  ] [main.java.Utils.Utils]  : Recovered the length of the secret code
[14:25:19] [INFO  ] [main.java.Utils.Utils]  : Reading config file
[14:25:19] [INFO  ] [main.java.Utils.Utils]  : Recovered the length of the secret code
[14:25:19] [INFO  ] [main.java.Utils.Utils]  : Reading config file
[14:25:19] [INFO  ] [main.java.Utils.Utils]  : Recovered the length of the secret code
[14:25:19] [INFO  ] [main.java.Utils.Utils]  : Reading config file
[14:25:19] [INFO  ] [main.java.Utils.Utils]  : Recovered the length of the secret code
[14:25:19] [INFO  ] [main.java.Utils.Utils]  : Reading config file
[14:25:19] [INFO  ] [main.java.Utils.Utils]  : Recovered the length of the secret code
[14:25:19] [INFO  ] [main.java.Mastermind.Mastermind]  : Computer found the secret code in 15 move(s)
[14:25:27] [INFO  ] [main.java.Main.Menu]  : Mastermind game started in defense mode and developer mode
[14:25:27] [INFO  ] [main.java.Utils.Utils]  : Reading config file
[14:25:27] [INFO  ] [main.java.Utils.Utils]  : Recovered the number of max tries
[14:25:27] [INFO  ] [main.java.Utils.Utils]  : Reading config file
[14:25:27] [INFO  ] [main.java.Utils.Utils]  : Recovered the length of the secret code
[14:25:27] [INFO  ] [main.java.Mastermind.Mastermind]  : Creating the secret code
[14:25:30] [INFO  ] [main.java.Utils.Utils]  : Reading config file
[14:25:30] [INFO  ] [main.java.Utils.Utils]  : Recovered the length of the secret code
[14:25:30] [INFO  ] [main.java.Mastermind.Mastermind]  : Player set the secret code to 14443
[14:25:30] [INFO  ] [main.java.Utils.Utils]  : Reading config file
[14:25:30] [INFO  ] [main.java.Utils.Utils]  : Recovered the length of the secret code
[14:25:30] [INFO  ] [main.java.Utils.Utils]  : Reading config file
[14:25:30] [INFO  ] [main.java.Utils.Utils]  : Recovered the length of the secret code
[14:25:30] [INFO  ] [main.java.Utils.Utils]  : Reading config file
[14:25:30] [INFO  ] [main.java.Utils.Utils]  : Recovered the length of the secret code
[14:25:30] [INFO  ] [main.java.Utils.Utils]  : Reading config file
[14:25:30] [INFO  ] [main.java.Utils.Utils]  : Recovered the length of the secret code
[14:25:30] [INFO  ] [main.java.Utils.Utils]  : Reading config file
[14:25:30] [INFO  ] [main.java.Utils.Utils]  : Recovered the length of the secret code
[14:25:30] [INFO  ] [main.java.Utils.Utils]  : Reading config file
[14:25:30] [INFO  ] [main.java.Utils.Utils]  : Recovered the length of the secret code
[14:25:30] [INFO  ] [main.java.Utils.Utils]  : Reading config file
[14:25:30] [INFO  ] [main.java.Utils.Utils]  : Recovered the length of the secret code
[14:25:30] [INFO  ] [main.java.Utils.Utils]  : Reading config file
[14:25:30] [INFO  ] [main.java.Utils.Utils]  : Recovered the length of the secret code
[14:25:30] [INFO  ] [main.java.Utils.Utils]  : Reading config file
[14:25:30] [INFO  ] [main.java.Utils.Utils]  : Recovered the length of the secret code
[14:25:30] [INFO  ] [main.java.Utils.Utils]  : Reading config file
[14:25:30] [INFO  ] [main.java.Utils.Utils]  : Recovered the length of the secret code
[14:25:30] [INFO  ] [main.java.Utils.Utils]  : Reading config file
[14:25:30] [INFO  ] [main.java.Utils.Utils]  : Recovered the length of the secret code
[14:25:30] [INFO  ] [main.java.Utils.Utils]  : Reading config file
[14:25:30] [INFO  ] [main.java.Utils.Utils]  : Recovered the length of the secret code
[14:25:30] [INFO  ] [main.java.Utils.Utils]  : Reading config file
[14:25:30] [INFO  ] [main.java.Utils.Utils]  : Recovered the length of the secret code
[14:25:30] [INFO  ] [main.java.Utils.Utils]  : Reading config file
[14:25:30] [INFO  ] [main.java.Utils.Utils]  : Recovered the length of the secret code
[14:25:30] [INFO  ] [main.java.Utils.Utils]  : Reading config file
[14:25:30] [INFO  ] [main.java.Utils.Utils]  : Recovered the length of the secret code
[14:25:30] [INFO  ] [main.java.Utils.Utils]  : Reading config file
[14:25:30] [INFO  ] [main.java.Utils.Utils]  : Recovered the length of the secret code
[14:25:30] [INFO  ] [main.java.Utils.Utils]  : Reading config file
[14:25:30] [INFO  ] [main.java.Utils.Utils]  : Recovered the length of the secret code
[14:25:30] [INFO  ] [main.java.Utils.Utils]  : Reading config file
[14:25:30] [INFO  ] [main.java.Utils.Utils]  : Recovered the length of the secret code
[14:25:30] [INFO  ] [main.java.Utils.Utils]  : Reading config file
[14:25:30] [INFO  ] [main.java.Utils.Utils]  : Recovered the length of the secret code
[14:25:30] [INFO  ] [main.java.Utils.Utils]  : Reading config file
[14:25:30] [INFO  ] [main.java.Utils.Utils]  : Recovered the length of the secret code
[14:25:30] [INFO  ] [main.java.Utils.Utils]  : Reading config file
[14:25:30] [INFO  ] [main.java.Utils.Utils]  : Recovered the length of the secret code
[14:25:30] [INFO  ] [main.java.Utils.Utils]  : Reading config file
[14:25:30] [INFO  ] [main.java.Utils.Utils]  : Recovered the length of the secret code
[14:25:30] [INFO  ] [main.java.Utils.Utils]  : Reading config file
[14:25:30] [INFO  ] [main.java.Utils.Utils]  : Recovered the length of the secret code
