[14:26:26] [INFO  ] [main.java.Utils.Utils]  : Reading config file
[14:26:26] [INFO  ] [main.java.Main.Menu]  : Mastermind game started in defense mode and developer mode
[14:26:26] [INFO  ] [main.java.Utils.Utils]  : Reading config file
[14:26:26] [INFO  ] [main.java.Utils.Utils]  : Recovered the number of max tries
[14:26:26] [INFO  ] [main.java.Utils.Utils]  : Reading config file
[14:26:26] [INFO  ] [main.java.Utils.Utils]  : Recovered the length of the secret code
[14:26:26] [INFO  ] [main.java.Mastermind.Mastermind]  : Creating the secret code
[14:26:30] [INFO  ] [main.java.Utils.Utils]  : Reading config file
[14:26:30] [INFO  ] [main.java.Utils.Utils]  : Recovered the length of the secret code
[14:26:30] [INFO  ] [main.java.Mastermind.Mastermind]  : Player set the secret code to 31344
[14:26:30] [INFO  ] [main.java.Utils.Utils]  : Reading config file
[14:26:30] [INFO  ] [main.java.Utils.Utils]  : Recovered the length of the secret code
[14:26:30] [INFO  ] [main.java.Utils.Utils]  : Reading config file
[14:26:30] [INFO  ] [main.java.Utils.Utils]  : Recovered the length of the secret code
[14:26:30] [INFO  ] [main.java.Utils.Utils]  : Reading config file
[14:26:30] [INFO  ] [main.java.Utils.Utils]  : Recovered the length of the secret code
[14:26:30] [INFO  ] [main.java.Utils.Utils]  : Reading config file
[14:26:30] [INFO  ] [main.java.Utils.Utils]  : Recovered the length of the secret code
[14:26:30] [INFO  ] [main.java.Utils.Utils]  : Reading config file
[14:26:30] [INFO  ] [main.java.Utils.Utils]  : Recovered the length of the secret code
[14:26:30] [INFO  ] [main.java.Utils.Utils]  : Reading config file
[14:26:30] [INFO  ] [main.java.Utils.Utils]  : Recovered the length of the secret code
[14:26:30] [INFO  ] [main.java.Utils.Utils]  : Reading config file
[14:26:30] [INFO  ] [main.java.Utils.Utils]  : Recovered the length of the secret code
[14:26:30] [INFO  ] [main.java.Utils.Utils]  : Reading config file
[14:26:30] [INFO  ] [main.java.Utils.Utils]  : Recovered the length of the secret code
[14:26:30] [INFO  ] [main.java.Utils.Utils]  : Reading config file
[14:26:30] [INFO  ] [main.java.Utils.Utils]  : Recovered the length of the secret code
[14:26:30] [INFO  ] [main.java.Utils.Utils]  : Reading config file
[14:26:30] [INFO  ] [main.java.Utils.Utils]  : Recovered the length of the secret code
[14:26:30] [INFO  ] [main.java.Utils.Utils]  : Reading config file
[14:26:30] [INFO  ] [main.java.Utils.Utils]  : Recovered the length of the secret code
[14:26:30] [INFO  ] [main.java.Utils.Utils]  : Reading config file
[14:26:30] [INFO  ] [main.java.Utils.Utils]  : Recovered the length of the secret code
[14:26:30] [INFO  ] [main.java.Utils.Utils]  : Reading config file
[14:26:30] [INFO  ] [main.java.Utils.Utils]  : Recovered the length of the secret code
[14:26:30] [INFO  ] [main.java.Utils.Utils]  : Reading config file
[14:26:30] [INFO  ] [main.java.Utils.Utils]  : Recovered the length of the secret code
[14:26:30] [INFO  ] [main.java.Utils.Utils]  : Reading config file
[14:26:30] [INFO  ] [main.java.Utils.Utils]  : Recovered the length of the secret code
[14:26:30] [INFO  ] [main.java.Utils.Utils]  : Reading config file
[14:26:30] [INFO  ] [main.java.Utils.Utils]  : Recovered the length of the secret code
[14:26:30] [INFO  ] [main.java.Utils.Utils]  : Reading config file
[14:26:30] [INFO  ] [main.java.Utils.Utils]  : Recovered the length of the secret code
[14:26:30] [INFO  ] [main.java.Utils.Utils]  : Reading config file
[14:26:30] [INFO  ] [main.java.Utils.Utils]  : Recovered the length of the secret code
[14:26:30] [INFO  ] [main.java.Utils.Utils]  : Reading config file
[14:26:30] [INFO  ] [main.java.Utils.Utils]  : Recovered the length of the secret code
[14:26:30] [INFO  ] [main.java.Utils.Utils]  : Reading config file
[14:26:30] [INFO  ] [main.java.Utils.Utils]  : Recovered the length of the secret code
[14:26:30] [INFO  ] [main.java.Utils.Utils]  : Reading config file
[14:26:30] [INFO  ] [main.java.Utils.Utils]  : Recovered the length of the secret code
[14:26:30] [INFO  ] [main.java.Utils.Utils]  : Reading config file
[14:26:30] [INFO  ] [main.java.Utils.Utils]  : Recovered the length of the secret code
[14:26:30] [INFO  ] [main.java.Utils.Utils]  : Reading config file
[14:26:30] [INFO  ] [main.java.Utils.Utils]  : Recovered the length of the secret code
[14:26:30] [INFO  ] [main.java.Utils.Utils]  : Reading config file
[14:26:30] [INFO  ] [main.java.Utils.Utils]  : Recovered the length of the secret code
[14:26:30] [INFO  ] [main.java.Utils.Utils]  : Reading config file
[14:26:30] [INFO  ] [main.java.Utils.Utils]  : Recovered the length of the secret code
[14:26:30] [INFO  ] [main.java.Utils.Utils]  : Reading config file
[14:26:30] [INFO  ] [main.java.Utils.Utils]  : Recovered the length of the secret code
[14:26:30] [INFO  ] [main.java.Utils.Utils]  : Reading config file
[14:26:30] [INFO  ] [main.java.Utils.Utils]  : Recovered the length of the secret code
[14:26:30] [INFO  ] [main.java.Utils.Utils]  : Reading config file
[14:26:30] [INFO  ] [main.java.Utils.Utils]  : Recovered the length of the secret code
[14:26:30] [INFO  ] [main.java.Utils.Utils]  : Reading config file
[14:26:30] [INFO  ] [main.java.Utils.Utils]  : Recovered the length of the secret code
[14:26:30] [INFO  ] [main.java.Utils.Utils]  : Reading config file
[14:26:30] [INFO  ] [main.java.Utils.Utils]  : Recovered the length of the secret code
[14:26:30] [INFO  ] [main.java.Utils.Utils]  : Reading config file
[14:26:30] [INFO  ] [main.java.Utils.Utils]  : Recovered the length of the secret code
[14:26:30] [INFO  ] [main.java.Utils.Utils]  : Reading config file
[14:26:30] [INFO  ] [main.java.Utils.Utils]  : Recovered the length of the secret code
[14:26:30] [INFO  ] [main.java.Utils.Utils]  : Reading config file
[14:26:30] [INFO  ] [main.java.Utils.Utils]  : Recovered the length of the secret code
[14:26:30] [INFO  ] [main.java.Utils.Utils]  : Reading config file
[14:26:30] [INFO  ] [main.java.Utils.Utils]  : Recovered the length of the secret code
[14:26:30] [INFO  ] [main.java.Utils.Utils]  : Reading config file
[14:26:30] [INFO  ] [main.java.Utils.Utils]  : Recovered the length of the secret code
[14:26:30] [INFO  ] [main.java.Utils.Utils]  : Reading config file
[14:26:30] [INFO  ] [main.java.Utils.Utils]  : Recovered the length of the secret code
[14:26:30] [INFO  ] [main.java.Utils.Utils]  : Reading config file
[14:26:30] [INFO  ] [main.java.Utils.Utils]  : Recovered the length of the secret code
[14:26:30] [INFO  ] [main.java.Utils.Utils]  : Reading config file
[14:26:30] [INFO  ] [main.java.Utils.Utils]  : Recovered the length of the secret code
[14:26:30] [INFO  ] [main.java.Utils.Utils]  : Reading config file
[14:26:30] [INFO  ] [main.java.Utils.Utils]  : Recovered the length of the secret code
[14:26:30] [INFO  ] [main.java.Utils.Utils]  : Reading config file
[14:26:30] [INFO  ] [main.java.Utils.Utils]  : Recovered the length of the secret code
[14:26:30] [INFO  ] [main.java.Utils.Utils]  : Reading config file
[14:26:30] [INFO  ] [main.java.Utils.Utils]  : Recovered the length of the secret code
[14:26:30] [INFO  ] [main.java.Utils.Utils]  : Reading config file
[14:26:30] [INFO  ] [main.java.Utils.Utils]  : Recovered the length of the secret code
[14:26:30] [INFO  ] [main.java.Utils.Utils]  : Reading config file
[14:26:30] [INFO  ] [main.java.Utils.Utils]  : Recovered the length of the secret code
[14:26:30] [INFO  ] [main.java.Utils.Utils]  : Reading config file
[14:26:30] [INFO  ] [main.java.Utils.Utils]  : Recovered the length of the secret code
[14:26:30] [INFO  ] [main.java.Utils.Utils]  : Reading config file
[14:26:30] [INFO  ] [main.java.Utils.Utils]  : Recovered the length of the secret code
[14:26:30] [INFO  ] [main.java.Utils.Utils]  : Reading config file
[14:26:30] [INFO  ] [main.java.Utils.Utils]  : Recovered the length of the secret code
[14:26:30] [INFO  ] [main.java.Utils.Utils]  : Reading config file
[14:26:30] [INFO  ] [main.java.Utils.Utils]  : Recovered the length of the secret code
[14:26:30] [INFO  ] [main.java.Utils.Utils]  : Reading config file
[14:26:30] [INFO  ] [main.java.Utils.Utils]  : Recovered the length of the secret code
[14:26:30] [INFO  ] [main.java.Utils.Utils]  : Reading config file
[14:26:30] [INFO  ] [main.java.Utils.Utils]  : Recovered the length of the secret code
[14:26:30] [INFO  ] [main.java.Utils.Utils]  : Reading config file
[14:26:30] [INFO  ] [main.java.Utils.Utils]  : Recovered the length of the secret code
[14:26:30] [INFO  ] [main.java.Utils.Utils]  : Reading config file
[14:26:30] [INFO  ] [main.java.Utils.Utils]  : Recovered the length of the secret code
[14:26:30] [INFO  ] [main.java.Utils.Utils]  : Reading config file
[14:26:30] [INFO  ] [main.java.Utils.Utils]  : Recovered the length of the secret code
[14:26:30] [INFO  ] [main.java.Utils.Utils]  : Reading config file
[14:26:30] [INFO  ] [main.java.Utils.Utils]  : Recovered the length of the secret code
[14:26:30] [INFO  ] [main.java.Utils.Utils]  : Reading config file
[14:26:30] [INFO  ] [main.java.Utils.Utils]  : Recovered the length of the secret code
[14:26:30] [INFO  ] [main.java.Utils.Utils]  : Reading config file
[14:26:30] [INFO  ] [main.java.Utils.Utils]  : Recovered the length of the secret code
[14:26:30] [INFO  ] [main.java.Utils.Utils]  : Reading config file
[14:26:30] [INFO  ] [main.java.Utils.Utils]  : Recovered the length of the secret code
[14:26:30] [INFO  ] [main.java.Utils.Utils]  : Reading config file
[14:26:30] [INFO  ] [main.java.Utils.Utils]  : Recovered the length of the secret code
[14:26:30] [INFO  ] [main.java.Utils.Utils]  : Reading config file
[14:26:30] [INFO  ] [main.java.Utils.Utils]  : Recovered the length of the secret code
[14:26:30] [INFO  ] [main.java.Utils.Utils]  : Reading config file
[14:26:30] [INFO  ] [main.java.Utils.Utils]  : Recovered the length of the secret code
[14:26:30] [INFO  ] [main.java.Utils.Utils]  : Reading config file
[14:26:30] [INFO  ] [main.java.Utils.Utils]  : Recovered the length of the secret code
[14:26:30] [INFO  ] [main.java.Utils.Utils]  : Reading config file
[14:26:30] [INFO  ] [main.java.Utils.Utils]  : Recovered the length of the secret code
[14:26:40] [INFO  ] [main.java.Main.Menu]  : Mastermind game started in defense mode and developer mode
[14:26:40] [INFO  ] [main.java.Utils.Utils]  : Reading config file
[14:26:40] [INFO  ] [main.java.Utils.Utils]  : Recovered the number of max tries
[14:26:40] [INFO  ] [main.java.Utils.Utils]  : Reading config file
[14:26:40] [INFO  ] [main.java.Utils.Utils]  : Recovered the length of the secret code
[14:26:40] [INFO  ] [main.java.Mastermind.Mastermind]  : Creating the secret code
[14:26:45] [INFO  ] [main.java.Utils.Utils]  : Reading config file
[14:26:45] [INFO  ] [main.java.Utils.Utils]  : Recovered the length of the secret code
[14:26:45] [INFO  ] [main.java.Mastermind.Mastermind]  : Player set the secret code to 84860
[14:26:45] [INFO  ] [main.java.Utils.Utils]  : Reading config file
[14:26:45] [INFO  ] [main.java.Utils.Utils]  : Recovered the length of the secret code
[14:26:45] [INFO  ] [main.java.Utils.Utils]  : Reading config file
[14:26:45] [INFO  ] [main.java.Utils.Utils]  : Recovered the length of the secret code
[14:26:45] [INFO  ] [main.java.Utils.Utils]  : Reading config file
[14:26:45] [INFO  ] [main.java.Utils.Utils]  : Recovered the length of the secret code
[14:26:45] [INFO  ] [main.java.Utils.Utils]  : Reading config file
[14:26:45] [INFO  ] [main.java.Utils.Utils]  : Recovered the length of the secret code
[14:26:45] [INFO  ] [main.java.Utils.Utils]  : Reading config file
[14:26:45] [INFO  ] [main.java.Utils.Utils]  : Recovered the length of the secret code
[14:26:45] [INFO  ] [main.java.Utils.Utils]  : Reading config file
[14:26:45] [INFO  ] [main.java.Utils.Utils]  : Recovered the length of the secret code
[14:26:45] [INFO  ] [main.java.Utils.Utils]  : Reading config file
[14:26:45] [INFO  ] [main.java.Utils.Utils]  : Recovered the length of the secret code
[14:26:45] [INFO  ] [main.java.Utils.Utils]  : Reading config file
[14:26:45] [INFO  ] [main.java.Utils.Utils]  : Recovered the length of the secret code
[14:26:45] [INFO  ] [main.java.Utils.Utils]  : Reading config file
[14:26:45] [INFO  ] [main.java.Utils.Utils]  : Recovered the length of the secret code
[14:26:45] [INFO  ] [main.java.Utils.Utils]  : Reading config file
[14:26:45] [INFO  ] [main.java.Utils.Utils]  : Recovered the length of the secret code
[14:26:45] [INFO  ] [main.java.Utils.Utils]  : Reading config file
[14:26:45] [INFO  ] [main.java.Utils.Utils]  : Recovered the length of the secret code
[14:26:45] [INFO  ] [main.java.Utils.Utils]  : Reading config file
[14:26:45] [INFO  ] [main.java.Utils.Utils]  : Recovered the length of the secret code
[14:26:45] [INFO  ] [main.java.Utils.Utils]  : Reading config file
[14:26:45] [INFO  ] [main.java.Utils.Utils]  : Recovered the length of the secret code
[14:26:45] [INFO  ] [main.java.Utils.Utils]  : Reading config file
[14:26:45] [INFO  ] [main.java.Utils.Utils]  : Recovered the length of the secret code
[14:26:45] [INFO  ] [main.java.Utils.Utils]  : Reading config file
[14:26:45] [INFO  ] [main.java.Utils.Utils]  : Recovered the length of the secret code
[14:26:45] [INFO  ] [main.java.Utils.Utils]  : Reading config file
[14:26:45] [INFO  ] [main.java.Utils.Utils]  : Recovered the length of the secret code
[14:26:45] [INFO  ] [main.java.Utils.Utils]  : Reading config file
[14:26:45] [INFO  ] [main.java.Utils.Utils]  : Recovered the length of the secret code
[14:26:45] [INFO  ] [main.java.Utils.Utils]  : Reading config file
[14:26:45] [INFO  ] [main.java.Utils.Utils]  : Recovered the length of the secret code
[14:26:45] [INFO  ] [main.java.Utils.Utils]  : Reading config file
[14:26:45] [INFO  ] [main.java.Utils.Utils]  : Recovered the length of the secret code
[14:26:45] [INFO  ] [main.java.Utils.Utils]  : Reading config file
[14:26:45] [INFO  ] [main.java.Utils.Utils]  : Recovered the length of the secret code
[14:26:45] [INFO  ] [main.java.Utils.Utils]  : Reading config file
[14:26:45] [INFO  ] [main.java.Utils.Utils]  : Recovered the length of the secret code
[14:26:45] [INFO  ] [main.java.Utils.Utils]  : Reading config file
[14:26:45] [INFO  ] [main.java.Utils.Utils]  : Recovered the length of the secret code
[14:26:45] [INFO  ] [main.java.Utils.Utils]  : Reading config file
[14:26:45] [INFO  ] [main.java.Utils.Utils]  : Recovered the length of the secret code
[14:26:45] [INFO  ] [main.java.Utils.Utils]  : Reading config file
[14:26:45] [INFO  ] [main.java.Utils.Utils]  : Recovered the length of the secret code
[14:26:45] [INFO  ] [main.java.Utils.Utils]  : Reading config file
[14:26:45] [INFO  ] [main.java.Utils.Utils]  : Recovered the length of the secret code
[14:26:45] [INFO  ] [main.java.Utils.Utils]  : Reading config file
[14:26:45] [INFO  ] [main.java.Utils.Utils]  : Recovered the length of the secret code
[14:26:45] [INFO  ] [main.java.Utils.Utils]  : Reading config file
[14:26:45] [INFO  ] [main.java.Utils.Utils]  : Recovered the length of the secret code
[14:26:45] [INFO  ] [main.java.Utils.Utils]  : Reading config file
[14:26:45] [INFO  ] [main.java.Utils.Utils]  : Recovered the length of the secret code
[14:26:45] [INFO  ] [main.java.Utils.Utils]  : Reading config file
[14:26:45] [INFO  ] [main.java.Utils.Utils]  : Recovered the length of the secret code
[14:26:45] [INFO  ] [main.java.Utils.Utils]  : Reading config file
[14:26:45] [INFO  ] [main.java.Utils.Utils]  : Recovered the length of the secret code
[14:26:45] [INFO  ] [main.java.Utils.Utils]  : Reading config file
[14:26:45] [INFO  ] [main.java.Utils.Utils]  : Recovered the length of the secret code
[14:26:45] [INFO  ] [main.java.Utils.Utils]  : Reading config file
[14:26:45] [INFO  ] [main.java.Utils.Utils]  : Recovered the length of the secret code
[14:26:45] [INFO  ] [main.java.Utils.Utils]  : Reading config file
[14:26:45] [INFO  ] [main.java.Utils.Utils]  : Recovered the length of the secret code
[14:26:45] [INFO  ] [main.java.Utils.Utils]  : Reading config file
