[16:38:39] [INFO  ] [main.java.Utils.Utils]  : Reading config file
[16:38:39] [INFO  ] [main.java.Main.Menu]  : Mastermind game started in challenger mode and developer mode
[16:38:39] [INFO  ] [main.java.Utils.Utils]  : Reading config file
[16:38:39] [INFO  ] [main.java.Utils.Utils]  : Recovered the number of max tries
[16:38:39] [INFO  ] [main.java.Utils.Utils]  : Reading config file
[16:38:39] [INFO  ] [main.java.Utils.Utils]  : Recovered the length of the secret code
[16:38:39] [INFO  ] [main.java.Utils.Utils]  : Reading config file
[16:38:39] [INFO  ] [main.java.Utils.Utils]  : Recovered the number of colours available for the secret code
[16:38:39] [INFO  ] [main.java.Mastermind.Mastermind]  : Creating the secret code
[16:38:48] [INFO  ] [main.java.Utils.Utils]  : Reading config file
[16:38:48] [INFO  ] [main.java.Utils.Utils]  : Recovered the length of the secret code
[16:38:48] [INFO  ] [main.java.Mastermind.Mastermind]  : Player found the secret code in 1 move(s)
[16:38:49] [INFO  ] [main.java.Main.Menu]  : Mastermind game started in challenger mode and developer mode
[16:38:49] [INFO  ] [main.java.Utils.Utils]  : Reading config file
[16:38:49] [INFO  ] [main.java.Utils.Utils]  : Recovered the number of max tries
[16:38:49] [INFO  ] [main.java.Utils.Utils]  : Reading config file
[16:38:49] [INFO  ] [main.java.Utils.Utils]  : Recovered the length of the secret code
[16:38:49] [INFO  ] [main.java.Utils.Utils]  : Reading config file
[16:38:49] [INFO  ] [main.java.Utils.Utils]  : Recovered the number of colours available for the secret code
[16:38:49] [INFO  ] [main.java.Mastermind.Mastermind]  : Creating the secret code
[16:38:54] [INFO  ] [main.java.Utils.Utils]  : Reading config file
[16:38:54] [INFO  ] [main.java.Utils.Utils]  : Recovered the length of the secret code
[16:38:54] [INFO  ] [main.java.Mastermind.Mastermind]  : Player found the secret code in 1 move(s)
[16:38:55] [INFO  ] [main.java.Main.Menu]  : Mastermind game started in challenger mode and developer mode
[16:38:55] [INFO  ] [main.java.Utils.Utils]  : Reading config file
[16:38:55] [INFO  ] [main.java.Utils.Utils]  : Recovered the number of max tries
[16:38:55] [INFO  ] [main.java.Utils.Utils]  : Reading config file
[16:38:55] [INFO  ] [main.java.Utils.Utils]  : Recovered the length of the secret code
[16:38:55] [INFO  ] [main.java.Utils.Utils]  : Reading config file
[16:38:55] [INFO  ] [main.java.Utils.Utils]  : Recovered the number of colours available for the secret code
[16:38:55] [INFO  ] [main.java.Mastermind.Mastermind]  : Creating the secret code
[16:39:01] [INFO  ] [main.java.Utils.Utils]  : Reading config file
[16:39:01] [INFO  ] [main.java.Utils.Utils]  : Recovered the length of the secret code
[16:39:01] [INFO  ] [main.java.Mastermind.Mastermind]  : Player found the secret code in 1 move(s)
[16:39:02] [INFO  ] [main.java.Main.Menu]  : Mastermind game started in challenger mode and developer mode
[16:39:02] [INFO  ] [main.java.Utils.Utils]  : Reading config file
[16:39:02] [INFO  ] [main.java.Utils.Utils]  : Recovered the number of max tries
[16:39:02] [INFO  ] [main.java.Utils.Utils]  : Reading config file
[16:39:02] [INFO  ] [main.java.Utils.Utils]  : Recovered the length of the secret code
[16:39:02] [INFO  ] [main.java.Utils.Utils]  : Reading config file
[16:39:02] [INFO  ] [main.java.Utils.Utils]  : Recovered the number of colours available for the secret code
[16:39:02] [INFO  ] [main.java.Mastermind.Mastermind]  : Creating the secret code
[16:39:06] [INFO  ] [main.java.Utils.Utils]  : Reading config file
[16:39:06] [INFO  ] [main.java.Utils.Utils]  : Recovered the length of the secret code
[16:39:06] [INFO  ] [main.java.Mastermind.Mastermind]  : Player found the secret code in 1 move(s)
[16:39:09] [INFO  ] [main.java.Main.Menu]  : Mastermind game started in challenger mode and developer mode
[16:39:09] [INFO  ] [main.java.Utils.Utils]  : Reading config file
[16:39:09] [INFO  ] [main.java.Utils.Utils]  : Recovered the number of max tries
[16:39:09] [INFO  ] [main.java.Utils.Utils]  : Reading config file
[16:39:09] [INFO  ] [main.java.Utils.Utils]  : Recovered the length of the secret code
[16:39:09] [INFO  ] [main.java.Utils.Utils]  : Reading config file
[16:39:09] [INFO  ] [main.java.Utils.Utils]  : Recovered the number of colours available for the secret code
[16:39:09] [INFO  ] [main.java.Mastermind.Mastermind]  : Creating the secret code
[16:39:13] [INFO  ] [main.java.Utils.Utils]  : Reading config file
[16:39:13] [INFO  ] [main.java.Utils.Utils]  : Recovered the length of the secret code
[16:39:13] [INFO  ] [main.java.Mastermind.Mastermind]  : Player found the secret code in 1 move(s)
[16:39:14] [INFO  ] [main.java.Main.Menu]  : Mastermind game started in challenger mode and developer mode
[16:39:14] [INFO  ] [main.java.Utils.Utils]  : Reading config file
[16:39:14] [INFO  ] [main.java.Utils.Utils]  : Recovered the number of max tries
[16:39:14] [INFO  ] [main.java.Utils.Utils]  : Reading config file
[16:39:14] [INFO  ] [main.java.Utils.Utils]  : Recovered the length of the secret code
[16:39:14] [INFO  ] [main.java.Utils.Utils]  : Reading config file
[16:39:14] [INFO  ] [main.java.Utils.Utils]  : Recovered the number of colours available for the secret code
[16:39:14] [INFO  ] [main.java.Mastermind.Mastermind]  : Creating the secret code
[16:39:17] [INFO  ] [main.java.Utils.Utils]  : Reading config file
[16:39:17] [INFO  ] [main.java.Utils.Utils]  : Recovered the length of the secret code
[16:39:17] [INFO  ] [main.java.Mastermind.Mastermind]  : Player found the secret code in 1 move(s)
[16:39:18] [INFO  ] [main.java.Main.Menu]  : Mastermind game started in challenger mode and developer mode
[16:39:18] [INFO  ] [main.java.Utils.Utils]  : Reading config file
[16:39:18] [INFO  ] [main.java.Utils.Utils]  : Recovered the number of max tries
[16:39:18] [INFO  ] [main.java.Utils.Utils]  : Reading config file
[16:39:18] [INFO  ] [main.java.Utils.Utils]  : Recovered the length of the secret code
[16:39:18] [INFO  ] [main.java.Utils.Utils]  : Reading config file
[16:39:18] [INFO  ] [main.java.Utils.Utils]  : Recovered the number of colours available for the secret code
[16:39:18] [INFO  ] [main.java.Mastermind.Mastermind]  : Creating the secret code
[16:39:22] [INFO  ] [main.java.Utils.Utils]  : Reading config file
[16:39:22] [INFO  ] [main.java.Utils.Utils]  : Recovered the length of the secret code
[16:39:22] [INFO  ] [main.java.Mastermind.Mastermind]  : Player found the secret code in 1 move(s)
[16:39:23] [INFO  ] [main.java.Main.Menu]  : Mastermind game started in challenger mode and developer mode
[16:39:23] [INFO  ] [main.java.Utils.Utils]  : Reading config file
[16:39:23] [INFO  ] [main.java.Utils.Utils]  : Recovered the number of max tries
[16:39:23] [INFO  ] [main.java.Utils.Utils]  : Reading config file
[16:39:23] [INFO  ] [main.java.Utils.Utils]  : Recovered the length of the secret code
[16:39:23] [INFO  ] [main.java.Utils.Utils]  : Reading config file
[16:39:23] [INFO  ] [main.java.Utils.Utils]  : Recovered the number of colours available for the secret code
[16:39:23] [INFO  ] [main.java.Mastermind.Mastermind]  : Creating the secret code
[16:39:26] [INFO  ] [main.java.Utils.Utils]  : Reading config file
[16:39:26] [INFO  ] [main.java.Utils.Utils]  : Recovered the length of the secret code
[16:39:26] [INFO  ] [main.java.Mastermind.Mastermind]  : Player found the secret code in 1 move(s)
[16:39:27] [INFO  ] [main.java.Main.Menu]  : Mastermind game started in challenger mode and developer mode
[16:39:27] [INFO  ] [main.java.Utils.Utils]  : Reading config file
[16:39:27] [INFO  ] [main.java.Utils.Utils]  : Recovered the number of max tries
[16:39:27] [INFO  ] [main.java.Utils.Utils]  : Reading config file
[16:39:27] [INFO  ] [main.java.Utils.Utils]  : Recovered the length of the secret code
[16:39:27] [INFO  ] [main.java.Utils.Utils]  : Reading config file
[16:39:27] [INFO  ] [main.java.Utils.Utils]  : Recovered the number of colours available for the secret code
[16:39:27] [INFO  ] [main.java.Mastermind.Mastermind]  : Creating the secret code
[16:39:32] [INFO  ] [main.java.Utils.Utils]  : Reading config file
[16:39:32] [INFO  ] [main.java.Utils.Utils]  : Recovered the length of the secret code
[16:39:32] [INFO  ] [main.java.Mastermind.Mastermind]  : Player found the secret code in 1 move(s)
[16:39:33] [INFO  ] [main.java.Main.Menu]  : Mastermind game started in challenger mode and developer mode
[16:39:33] [INFO  ] [main.java.Utils.Utils]  : Reading config file
[16:39:33] [INFO  ] [main.java.Utils.Utils]  : Recovered the number of max tries
[16:39:33] [INFO  ] [main.java.Utils.Utils]  : Reading config file
[16:39:33] [INFO  ] [main.java.Utils.Utils]  : Recovered the length of the secret code
[16:39:33] [INFO  ] [main.java.Utils.Utils]  : Reading config file
[16:39:33] [INFO  ] [main.java.Utils.Utils]  : Recovered the number of colours available for the secret code
[16:39:33] [INFO  ] [main.java.Mastermind.Mastermind]  : Creating the secret code
[16:39:56] [INFO  ] [main.java.Utils.Utils]  : Reading config file
[16:39:56] [INFO  ] [main.java.Utils.Utils]  : Recovered the length of the secret code
[16:39:56] [INFO  ] [main.java.Mastermind.Mastermind]  : Player found the secret code in 1 move(s)
[16:39:57] [INFO  ] [main.java.Main.Menu]  : Stopping program
