[14:22:58] [INFO  ] [main.java.Utils.Utils]  : Reading config file
[14:22:58] [INFO  ] [main.java.Main.Menu]  : Mastermind game started in defense mode and developer mode
[14:22:58] [INFO  ] [main.java.Utils.Utils]  : Reading config file
[14:22:58] [INFO  ] [main.java.Utils.Utils]  : Recovered the number of max tries
[14:22:58] [INFO  ] [main.java.Utils.Utils]  : Reading config file
[14:22:58] [INFO  ] [main.java.Utils.Utils]  : Recovered the length of the secret code
[14:22:58] [INFO  ] [main.java.Mastermind.Mastermind]  : Creating the secret code
[14:23:03] [INFO  ] [main.java.Utils.Utils]  : Reading config file
[14:23:03] [INFO  ] [main.java.Utils.Utils]  : Recovered the length of the secret code
[14:23:03] [INFO  ] [main.java.Mastermind.Mastermind]  : Player set the secret code to 15835
[14:23:03] [INFO  ] [main.java.Utils.Utils]  : Reading config file
[14:23:03] [INFO  ] [main.java.Utils.Utils]  : Recovered the length of the secret code
[14:23:03] [INFO  ] [main.java.Utils.Utils]  : Reading config file
[14:23:03] [INFO  ] [main.java.Utils.Utils]  : Recovered the length of the secret code
[14:23:03] [INFO  ] [main.java.Utils.Utils]  : Reading config file
[14:23:03] [INFO  ] [main.java.Utils.Utils]  : Recovered the length of the secret code
[14:23:03] [INFO  ] [main.java.Utils.Utils]  : Reading config file
[14:23:03] [INFO  ] [main.java.Utils.Utils]  : Recovered the length of the secret code
[14:23:03] [INFO  ] [main.java.Utils.Utils]  : Reading config file
[14:23:03] [INFO  ] [main.java.Utils.Utils]  : Recovered the length of the secret code
[14:23:03] [INFO  ] [main.java.Utils.Utils]  : Reading config file
[14:23:03] [INFO  ] [main.java.Utils.Utils]  : Recovered the length of the secret code
[14:23:03] [INFO  ] [main.java.Utils.Utils]  : Reading config file
[14:23:03] [INFO  ] [main.java.Utils.Utils]  : Recovered the length of the secret code
[14:23:03] [INFO  ] [main.java.Utils.Utils]  : Reading config file
[14:23:03] [INFO  ] [main.java.Utils.Utils]  : Recovered the length of the secret code
[14:23:03] [INFO  ] [main.java.Utils.Utils]  : Reading config file
[14:23:03] [INFO  ] [main.java.Utils.Utils]  : Recovered the length of the secret code
[14:23:03] [INFO  ] [main.java.Utils.Utils]  : Reading config file
[14:23:03] [INFO  ] [main.java.Utils.Utils]  : Recovered the length of the secret code
[14:23:03] [INFO  ] [main.java.Utils.Utils]  : Reading config file
[14:23:03] [INFO  ] [main.java.Utils.Utils]  : Recovered the length of the secret code
[14:23:03] [INFO  ] [main.java.Utils.Utils]  : Reading config file
[14:23:03] [INFO  ] [main.java.Utils.Utils]  : Recovered the length of the secret code
[14:23:03] [INFO  ] [main.java.Utils.Utils]  : Reading config file
[14:23:03] [INFO  ] [main.java.Utils.Utils]  : Recovered the length of the secret code
[14:23:03] [INFO  ] [main.java.Utils.Utils]  : Reading config file
[14:23:03] [INFO  ] [main.java.Utils.Utils]  : Recovered the length of the secret code
[14:23:03] [INFO  ] [main.java.Utils.Utils]  : Reading config file
[14:23:03] [INFO  ] [main.java.Utils.Utils]  : Recovered the length of the secret code
[14:23:03] [INFO  ] [main.java.Utils.Utils]  : Reading config file
[14:23:03] [INFO  ] [main.java.Utils.Utils]  : Recovered the length of the secret code
[14:23:03] [INFO  ] [main.java.Utils.Utils]  : Reading config file
[14:23:03] [INFO  ] [main.java.Utils.Utils]  : Recovered the length of the secret code
[14:23:03] [INFO  ] [main.java.Utils.Utils]  : Reading config file
[14:23:03] [INFO  ] [main.java.Utils.Utils]  : Recovered the length of the secret code
[14:23:03] [INFO  ] [main.java.Utils.Utils]  : Reading config file
[14:23:03] [INFO  ] [main.java.Utils.Utils]  : Recovered the length of the secret code
[14:23:03] [INFO  ] [main.java.Utils.Utils]  : Reading config file
[14:23:03] [INFO  ] [main.java.Utils.Utils]  : Recovered the length of the secret code
[14:23:03] [INFO  ] [main.java.Utils.Utils]  : Reading config file
[14:23:03] [INFO  ] [main.java.Utils.Utils]  : Recovered the length of the secret code
[14:23:03] [INFO  ] [main.java.Utils.Utils]  : Reading config file
[14:23:03] [INFO  ] [main.java.Utils.Utils]  : Recovered the length of the secret code
[14:23:03] [INFO  ] [main.java.Utils.Utils]  : Reading config file
[14:23:03] [INFO  ] [main.java.Utils.Utils]  : Recovered the length of the secret code
[14:23:03] [INFO  ] [main.java.Utils.Utils]  : Reading config file
[14:23:03] [INFO  ] [main.java.Utils.Utils]  : Recovered the length of the secret code
[14:23:03] [INFO  ] [main.java.Utils.Utils]  : Reading config file
[14:23:03] [INFO  ] [main.java.Utils.Utils]  : Recovered the length of the secret code
[14:23:03] [INFO  ] [main.java.Utils.Utils]  : Reading config file
[14:23:03] [INFO  ] [main.java.Utils.Utils]  : Recovered the length of the secret code
[14:23:03] [INFO  ] [main.java.Utils.Utils]  : Reading config file
[14:23:03] [INFO  ] [main.java.Utils.Utils]  : Recovered the length of the secret code
[14:23:03] [INFO  ] [main.java.Utils.Utils]  : Reading config file
[14:23:03] [INFO  ] [main.java.Utils.Utils]  : Recovered the length of the secret code
[14:23:03] [INFO  ] [main.java.Utils.Utils]  : Reading config file
[14:23:03] [INFO  ] [main.java.Utils.Utils]  : Recovered the length of the secret code
[14:23:03] [INFO  ] [main.java.Utils.Utils]  : Reading config file
[14:23:03] [INFO  ] [main.java.Utils.Utils]  : Recovered the length of the secret code
[14:23:03] [INFO  ] [main.java.Utils.Utils]  : Reading config file
[14:23:03] [INFO  ] [main.java.Utils.Utils]  : Recovered the length of the secret code
[14:23:03] [INFO  ] [main.java.Utils.Utils]  : Reading config file
[14:23:03] [INFO  ] [main.java.Utils.Utils]  : Recovered the length of the secret code
[14:23:03] [INFO  ] [main.java.Utils.Utils]  : Reading config file
[14:23:03] [INFO  ] [main.java.Utils.Utils]  : Recovered the length of the secret code
[14:23:03] [INFO  ] [main.java.Utils.Utils]  : Reading config file
[14:23:03] [INFO  ] [main.java.Utils.Utils]  : Recovered the length of the secret code
[14:23:03] [INFO  ] [main.java.Utils.Utils]  : Reading config file
[14:23:03] [INFO  ] [main.java.Utils.Utils]  : Recovered the length of the secret code
[14:23:03] [INFO  ] [main.java.Utils.Utils]  : Reading config file
[14:23:03] [INFO  ] [main.java.Utils.Utils]  : Recovered the length of the secret code
[14:23:03] [INFO  ] [main.java.Utils.Utils]  : Reading config file
[14:23:03] [INFO  ] [main.java.Utils.Utils]  : Recovered the length of the secret code
[14:23:03] [INFO  ] [main.java.Utils.Utils]  : Reading config file
[14:23:03] [INFO  ] [main.java.Utils.Utils]  : Recovered the length of the secret code
[14:23:03] [INFO  ] [main.java.Utils.Utils]  : Reading config file
[14:23:03] [INFO  ] [main.java.Utils.Utils]  : Recovered the length of the secret code
[14:23:03] [INFO  ] [main.java.Utils.Utils]  : Reading config file
[14:23:03] [INFO  ] [main.java.Utils.Utils]  : Recovered the length of the secret code
[14:23:03] [INFO  ] [main.java.Utils.Utils]  : Reading config file
[14:23:03] [INFO  ] [main.java.Utils.Utils]  : Recovered the length of the secret code
[14:23:03] [INFO  ] [main.java.Utils.Utils]  : Reading config file
[14:23:03] [INFO  ] [main.java.Utils.Utils]  : Recovered the length of the secret code
[14:23:03] [INFO  ] [main.java.Utils.Utils]  : Reading config file
[14:23:03] [INFO  ] [main.java.Utils.Utils]  : Recovered the length of the secret code
[14:23:03] [INFO  ] [main.java.Utils.Utils]  : Reading config file
[14:23:03] [INFO  ] [main.java.Utils.Utils]  : Recovered the length of the secret code
[14:23:03] [INFO  ] [main.java.Utils.Utils]  : Reading config file
[14:23:03] [INFO  ] [main.java.Utils.Utils]  : Recovered the length of the secret code
[14:23:03] [INFO  ] [main.java.Utils.Utils]  : Reading config file
[14:23:03] [INFO  ] [main.java.Utils.Utils]  : Recovered the length of the secret code
[14:23:03] [INFO  ] [main.java.Utils.Utils]  : Reading config file
[14:23:03] [INFO  ] [main.java.Utils.Utils]  : Recovered the length of the secret code
