[14:18:49] [INFO  ] [main.java.Utils.Utils]  : Reading config file
[14:18:49] [INFO  ] [main.java.Main.Menu]  : Mastermind game started in defense mode and developer mode
[14:18:49] [INFO  ] [main.java.Utils.Utils]  : Reading config file
[14:18:49] [INFO  ] [main.java.Utils.Utils]  : Recovered the number of max tries
[14:18:49] [INFO  ] [main.java.Utils.Utils]  : Reading config file
[14:18:49] [INFO  ] [main.java.Utils.Utils]  : Recovered the length of the secret code
[14:18:49] [INFO  ] [main.java.Mastermind.Mastermind]  : Creating the secret code
[14:18:53] [INFO  ] [main.java.Utils.Utils]  : Reading config file
[14:18:53] [INFO  ] [main.java.Utils.Utils]  : Recovered the length of the secret code
[14:18:53] [INFO  ] [main.java.Mastermind.Mastermind]  : Player set the secret code to 56806
[14:18:53] [INFO  ] [main.java.Utils.Utils]  : Reading config file
[14:18:53] [INFO  ] [main.java.Utils.Utils]  : Recovered the length of the secret code
[14:18:53] [INFO  ] [main.java.Utils.Utils]  : Reading config file
[14:18:53] [INFO  ] [main.java.Utils.Utils]  : Recovered the length of the secret code
[14:18:53] [INFO  ] [main.java.Utils.Utils]  : Reading config file
[14:18:53] [INFO  ] [main.java.Utils.Utils]  : Recovered the length of the secret code
[14:18:53] [INFO  ] [main.java.Utils.Utils]  : Reading config file
[14:18:53] [INFO  ] [main.java.Utils.Utils]  : Recovered the length of the secret code
[14:18:53] [INFO  ] [main.java.Utils.Utils]  : Reading config file
[14:18:53] [INFO  ] [main.java.Utils.Utils]  : Recovered the length of the secret code
[14:18:53] [INFO  ] [main.java.Utils.Utils]  : Reading config file
[14:18:53] [INFO  ] [main.java.Utils.Utils]  : Recovered the length of the secret code
[14:18:53] [INFO  ] [main.java.Utils.Utils]  : Reading config file
[14:18:53] [INFO  ] [main.java.Utils.Utils]  : Recovered the length of the secret code
[14:18:53] [INFO  ] [main.java.Utils.Utils]  : Reading config file
[14:18:53] [INFO  ] [main.java.Utils.Utils]  : Recovered the length of the secret code
[14:18:53] [INFO  ] [main.java.Utils.Utils]  : Reading config file
[14:18:53] [INFO  ] [main.java.Utils.Utils]  : Recovered the length of the secret code
[14:18:53] [INFO  ] [main.java.Utils.Utils]  : Reading config file
[14:18:53] [INFO  ] [main.java.Utils.Utils]  : Recovered the length of the secret code
[14:18:53] [INFO  ] [main.java.Utils.Utils]  : Reading config file
[14:18:53] [INFO  ] [main.java.Utils.Utils]  : Recovered the length of the secret code
[14:18:53] [INFO  ] [main.java.Utils.Utils]  : Reading config file
[14:18:53] [INFO  ] [main.java.Utils.Utils]  : Recovered the length of the secret code
[14:18:53] [INFO  ] [main.java.Utils.Utils]  : Reading config file
[14:18:53] [INFO  ] [main.java.Utils.Utils]  : Recovered the length of the secret code
[14:18:53] [INFO  ] [main.java.Utils.Utils]  : Reading config file
[14:18:53] [INFO  ] [main.java.Utils.Utils]  : Recovered the length of the secret code
[14:18:53] [INFO  ] [main.java.Utils.Utils]  : Reading config file
[14:18:53] [INFO  ] [main.java.Utils.Utils]  : Recovered the length of the secret code
[14:18:53] [INFO  ] [main.java.Utils.Utils]  : Reading config file
[14:18:53] [INFO  ] [main.java.Utils.Utils]  : Recovered the length of the secret code
[14:18:53] [INFO  ] [main.java.Utils.Utils]  : Reading config file
[14:18:53] [INFO  ] [main.java.Utils.Utils]  : Recovered the length of the secret code
[14:18:53] [INFO  ] [main.java.Utils.Utils]  : Reading config file
[14:18:53] [INFO  ] [main.java.Utils.Utils]  : Recovered the length of the secret code
[14:18:53] [INFO  ] [main.java.Utils.Utils]  : Reading config file
[14:18:53] [INFO  ] [main.java.Utils.Utils]  : Recovered the length of the secret code
[14:18:53] [INFO  ] [main.java.Utils.Utils]  : Reading config file
[14:18:53] [INFO  ] [main.java.Utils.Utils]  : Recovered the length of the secret code
[14:18:53] [INFO  ] [main.java.Utils.Utils]  : Reading config file
[14:18:53] [INFO  ] [main.java.Utils.Utils]  : Recovered the length of the secret code
[14:18:53] [INFO  ] [main.java.Utils.Utils]  : Reading config file
[14:18:53] [INFO  ] [main.java.Utils.Utils]  : Recovered the length of the secret code
[14:18:53] [INFO  ] [main.java.Utils.Utils]  : Reading config file
[14:18:53] [INFO  ] [main.java.Utils.Utils]  : Recovered the length of the secret code
[14:18:53] [INFO  ] [main.java.Utils.Utils]  : Reading config file
[14:18:53] [INFO  ] [main.java.Utils.Utils]  : Recovered the length of the secret code
[14:18:53] [INFO  ] [main.java.Utils.Utils]  : Reading config file
[14:18:53] [INFO  ] [main.java.Utils.Utils]  : Recovered the length of the secret code
[14:18:53] [INFO  ] [main.java.Utils.Utils]  : Reading config file
[14:18:53] [INFO  ] [main.java.Utils.Utils]  : Recovered the length of the secret code
[14:18:53] [INFO  ] [main.java.Utils.Utils]  : Reading config file
[14:18:53] [INFO  ] [main.java.Utils.Utils]  : Recovered the length of the secret code
[14:18:53] [INFO  ] [main.java.Utils.Utils]  : Reading config file
[14:18:53] [INFO  ] [main.java.Utils.Utils]  : Recovered the length of the secret code
[14:18:53] [INFO  ] [main.java.Utils.Utils]  : Reading config file
[14:18:53] [INFO  ] [main.java.Utils.Utils]  : Recovered the length of the secret code
[14:18:53] [INFO  ] [main.java.Utils.Utils]  : Reading config file
[14:18:53] [INFO  ] [main.java.Utils.Utils]  : Recovered the length of the secret code
[14:18:53] [INFO  ] [main.java.Utils.Utils]  : Reading config file
[14:18:53] [INFO  ] [main.java.Utils.Utils]  : Recovered the length of the secret code
[14:18:53] [INFO  ] [main.java.Utils.Utils]  : Reading config file
[14:18:53] [INFO  ] [main.java.Utils.Utils]  : Recovered the length of the secret code
[14:18:53] [INFO  ] [main.java.Utils.Utils]  : Reading config file
[14:18:53] [INFO  ] [main.java.Utils.Utils]  : Recovered the length of the secret code
[14:18:53] [INFO  ] [main.java.Utils.Utils]  : Reading config file
[14:18:53] [INFO  ] [main.java.Utils.Utils]  : Recovered the length of the secret code
[14:18:53] [INFO  ] [main.java.Utils.Utils]  : Reading config file
[14:18:53] [INFO  ] [main.java.Utils.Utils]  : Recovered the length of the secret code
[14:18:53] [INFO  ] [main.java.Utils.Utils]  : Reading config file
[14:18:53] [INFO  ] [main.java.Utils.Utils]  : Recovered the length of the secret code
[14:18:53] [INFO  ] [main.java.Utils.Utils]  : Reading config file
[14:18:53] [INFO  ] [main.java.Utils.Utils]  : Recovered the length of the secret code
[14:18:53] [INFO  ] [main.java.Utils.Utils]  : Reading config file
[14:18:53] [INFO  ] [main.java.Utils.Utils]  : Recovered the length of the secret code
[14:18:53] [INFO  ] [main.java.Utils.Utils]  : Reading config file
[14:18:53] [INFO  ] [main.java.Utils.Utils]  : Recovered the length of the secret code
[14:18:53] [INFO  ] [main.java.Utils.Utils]  : Reading config file
[14:18:53] [INFO  ] [main.java.Utils.Utils]  : Recovered the length of the secret code
[14:18:53] [INFO  ] [main.java.Utils.Utils]  : Reading config file
[14:18:53] [INFO  ] [main.java.Utils.Utils]  : Recovered the length of the secret code
[14:18:53] [INFO  ] [main.java.Utils.Utils]  : Reading config file
[14:18:53] [INFO  ] [main.java.Utils.Utils]  : Recovered the length of the secret code
[14:18:53] [INFO  ] [main.java.Utils.Utils]  : Reading config file
[14:18:53] [INFO  ] [main.java.Utils.Utils]  : Recovered the length of the secret code
[14:18:53] [INFO  ] [main.java.Utils.Utils]  : Reading config file
[14:18:53] [INFO  ] [main.java.Utils.Utils]  : Recovered the length of the secret code
[14:18:53] [INFO  ] [main.java.Utils.Utils]  : Reading config file
[14:18:53] [INFO  ] [main.java.Utils.Utils]  : Recovered the length of the secret code
[14:18:53] [INFO  ] [main.java.Utils.Utils]  : Reading config file
[14:18:53] [INFO  ] [main.java.Utils.Utils]  : Recovered the length of the secret code
[14:18:53] [INFO  ] [main.java.Utils.Utils]  : Reading config file
[14:18:53] [INFO  ] [main.java.Utils.Utils]  : Recovered the length of the secret code
[14:18:53] [INFO  ] [main.java.Utils.Utils]  : Reading config file
[14:18:53] [INFO  ] [main.java.Utils.Utils]  : Recovered the length of the secret code
[14:18:53] [INFO  ] [main.java.Utils.Utils]  : Reading config file
[14:18:53] [INFO  ] [main.java.Utils.Utils]  : Recovered the length of the secret code
[14:18:53] [INFO  ] [main.java.Utils.Utils]  : Reading config file
[14:18:53] [INFO  ] [main.java.Utils.Utils]  : Recovered the length of the secret code
[14:18:53] [INFO  ] [main.java.Utils.Utils]  : Reading config file
[14:18:53] [INFO  ] [main.java.Utils.Utils]  : Recovered the length of the secret code
[14:18:53] [INFO  ] [main.java.Utils.Utils]  : Reading config file
[14:18:53] [INFO  ] [main.java.Utils.Utils]  : Recovered the length of the secret code
[14:18:53] [INFO  ] [main.java.Utils.Utils]  : Reading config file
[14:18:53] [INFO  ] [main.java.Utils.Utils]  : Recovered the length of the secret code
[14:18:53] [INFO  ] [main.java.Utils.Utils]  : Reading config file
[14:18:53] [INFO  ] [main.java.Utils.Utils]  : Recovered the length of the secret code
[14:18:53] [INFO  ] [main.java.Utils.Utils]  : Reading config file
[14:18:53] [INFO  ] [main.java.Utils.Utils]  : Recovered the length of the secret code
[14:18:53] [INFO  ] [main.java.Utils.Utils]  : Reading config file
[14:18:53] [INFO  ] [main.java.Utils.Utils]  : Recovered the length of the secret code
[14:18:53] [INFO  ] [main.java.Utils.Utils]  : Reading config file
[14:18:53] [INFO  ] [main.java.Utils.Utils]  : Recovered the length of the secret code
[14:18:53] [INFO  ] [main.java.Utils.Utils]  : Reading config file
[14:18:53] [INFO  ] [main.java.Utils.Utils]  : Recovered the length of the secret code
[14:18:53] [INFO  ] [main.java.Utils.Utils]  : Reading config file
[14:18:53] [INFO  ] [main.java.Utils.Utils]  : Recovered the length of the secret code
[14:18:53] [INFO  ] [main.java.Utils.Utils]  : Reading config file
[14:18:53] [INFO  ] [main.java.Utils.Utils]  : Recovered the length of the secret code
[14:18:53] [INFO  ] [main.java.Utils.Utils]  : Reading config file
[14:18:53] [INFO  ] [main.java.Utils.Utils]  : Recovered the length of the secret code
[14:18:53] [INFO  ] [main.java.Utils.Utils]  : Reading config file
[14:18:53] [INFO  ] [main.java.Utils.Utils]  : Recovered the length of the secret code
[14:18:53] [INFO  ] [main.java.Utils.Utils]  : Reading config file
[14:18:53] [INFO  ] [main.java.Utils.Utils]  : Recovered the length of the secret code
[14:18:53] [INFO  ] [main.java.Utils.Utils]  : Reading config file
[14:18:53] [INFO  ] [main.java.Utils.Utils]  : Recovered the length of the secret code
[14:18:53] [INFO  ] [main.java.Utils.Utils]  : Reading config file
[14:18:53] [INFO  ] [main.java.Utils.Utils]  : Recovered the length of the secret code
[14:18:53] [INFO  ] [main.java.Mastermind.Mastermind]  : Computer found the secret code in 12 move(s)
[14:18:59] [INFO  ] [main.java.Main.Menu]  : Mastermind game started in defense mode and developer mode
[14:18:59] [INFO  ] [main.java.Utils.Utils]  : Reading config file
[14:18:59] [INFO  ] [main.java.Utils.Utils]  : Recovered the number of max tries
[14:18:59] [INFO  ] [main.java.Utils.Utils]  : Reading config file
[14:18:59] [INFO  ] [main.java.Utils.Utils]  : Recovered the length of the secret code
[14:18:59] [INFO  ] [main.java.Mastermind.Mastermind]  : Creating the secret code
[14:19:04] [INFO  ] [main.java.Utils.Utils]  : Reading config file
[14:19:04] [INFO  ] [main.java.Utils.Utils]  : Recovered the length of the secret code
[14:19:04] [INFO  ] [main.java.Mastermind.Mastermind]  : Player set the secret code to 66704
[14:19:04] [INFO  ] [main.java.Utils.Utils]  : Reading config file
[14:19:04] [INFO  ] [main.java.Utils.Utils]  : Recovered the length of the secret code
[14:19:04] [INFO  ] [main.java.Utils.Utils]  : Reading config file
[14:19:04] [INFO  ] [main.java.Utils.Utils]  : Recovered the length of the secret code
[14:19:04] [INFO  ] [main.java.Utils.Utils]  : Reading config file
[14:19:04] [INFO  ] [main.java.Utils.Utils]  : Recovered the length of the secret code
[14:19:04] [INFO  ] [main.java.Utils.Utils]  : Reading config file
[14:19:04] [INFO  ] [main.java.Utils.Utils]  : Recovered the length of the secret code
[14:19:04] [INFO  ] [main.java.Utils.Utils]  : Reading config file
[14:19:04] [INFO  ] [main.java.Utils.Utils]  : Recovered the length of the secret code
[14:19:04] [INFO  ] [main.java.Utils.Utils]  : Reading config file
[14:19:04] [INFO  ] [main.java.Utils.Utils]  : Recovered the length of the secret code
[14:19:04] [INFO  ] [main.java.Utils.Utils]  : Reading config file
[14:19:04] [INFO  ] [main.java.Utils.Utils]  : Recovered the length of the secret code
[14:19:04] [INFO  ] [main.java.Utils.Utils]  : Reading config file
[14:19:04] [INFO  ] [main.java.Utils.Utils]  : Recovered the length of the secret code
[14:19:04] [INFO  ] [main.java.Utils.Utils]  : Reading config file
[14:19:04] [INFO  ] [main.java.Utils.Utils]  : Recovered the length of the secret code
[14:19:04] [INFO  ] [main.java.Utils.Utils]  : Reading config file
[14:19:04] [INFO  ] [main.java.Utils.Utils]  : Recovered the length of the secret code
[14:19:04] [INFO  ] [main.java.Utils.Utils]  : Reading config file
[14:19:04] [INFO  ] [main.java.Utils.Utils]  : Recovered the length of the secret code
[14:19:04] [INFO  ] [main.java.Utils.Utils]  : Reading config file
[14:19:04] [INFO  ] [main.java.Utils.Utils]  : Recovered the length of the secret code
[14:19:04] [INFO  ] [main.java.Utils.Utils]  : Reading config file
[14:19:04] [INFO  ] [main.java.Utils.Utils]  : Recovered the length of the secret code
[14:19:04] [INFO  ] [main.java.Utils.Utils]  : Reading config file
[14:19:04] [INFO  ] [main.java.Utils.Utils]  : Recovered the length of the secret code
[14:19:04] [INFO  ] [main.java.Utils.Utils]  : Reading config file
[14:19:04] [INFO  ] [main.java.Utils.Utils]  : Recovered the length of the secret code
[14:19:04] [INFO  ] [main.java.Utils.Utils]  : Reading config file
[14:19:04] [INFO  ] [main.java.Utils.Utils]  : Recovered the length of the secret code
[14:19:04] [INFO  ] [main.java.Utils.Utils]  : Reading config file
[14:19:04] [INFO  ] [main.java.Utils.Utils]  : Recovered the length of the secret code
[14:19:04] [INFO  ] [main.java.Utils.Utils]  : Reading config file
[14:19:04] [INFO  ] [main.java.Utils.Utils]  : Recovered the length of the secret code
[14:19:04] [INFO  ] [main.java.Utils.Utils]  : Reading config file
[14:19:04] [INFO  ] [main.java.Utils.Utils]  : Recovered the length of the secret code
[14:19:04] [INFO  ] [main.java.Utils.Utils]  : Reading config file
[14:19:04] [INFO  ] [main.java.Utils.Utils]  : Recovered the length of the secret code
[14:19:04] [INFO  ] [main.java.Utils.Utils]  : Reading config file
[14:19:04] [INFO  ] [main.java.Utils.Utils]  : Recovered the length of the secret code
[14:19:04] [INFO  ] [main.java.Utils.Utils]  : Reading config file
[14:19:04] [INFO  ] [main.java.Utils.Utils]  : Recovered the length of the secret code
[14:19:04] [INFO  ] [main.java.Utils.Utils]  : Reading config file
[14:19:04] [INFO  ] [main.java.Utils.Utils]  : Recovered the length of the secret code
[14:19:04] [INFO  ] [main.java.Utils.Utils]  : Reading config file
[14:19:04] [INFO  ] [main.java.Utils.Utils]  : Recovered the length of the secret code
[14:19:04] [INFO  ] [main.java.Utils.Utils]  : Reading config file
[14:19:04] [INFO  ] [main.java.Utils.Utils]  : Recovered the length of the secret code
[14:19:04] [INFO  ] [main.java.Utils.Utils]  : Reading config file
[14:19:04] [INFO  ] [main.java.Utils.Utils]  : Recovered the length of the secret code
[14:19:04] [INFO  ] [main.java.Utils.Utils]  : Reading config file
[14:19:04] [INFO  ] [main.java.Utils.Utils]  : Recovered the length of the secret code
[14:19:04] [INFO  ] [main.java.Utils.Utils]  : Reading config file
[14:19:04] [INFO  ] [main.java.Utils.Utils]  : Recovered the length of the secret code
[14:19:04] [INFO  ] [main.java.Utils.Utils]  : Reading config file
[14:19:04] [INFO  ] [main.java.Utils.Utils]  : Recovered the length of the secret code
[14:19:04] [INFO  ] [main.java.Utils.Utils]  : Reading config file
[14:19:04] [INFO  ] [main.java.Utils.Utils]  : Recovered the length of the secret code
[14:19:04] [INFO  ] [main.java.Utils.Utils]  : Reading config file
[14:19:04] [INFO  ] [main.java.Utils.Utils]  : Recovered the length of the secret code
[14:19:04] [INFO  ] [main.java.Utils.Utils]  : Reading config file
[14:19:04] [INFO  ] [main.java.Utils.Utils]  : Recovered the length of the secret code
[14:19:04] [INFO  ] [main.java.Utils.Utils]  : Reading config file
[14:19:04] [INFO  ] [main.java.Utils.Utils]  : Recovered the length of the secret code
[14:19:04] [INFO  ] [main.java.Utils.Utils]  : Reading config file
[14:19:04] [INFO  ] [main.java.Utils.Utils]  : Recovered the length of the secret code
[14:19:04] [INFO  ] [main.java.Utils.Utils]  : Reading config file
[14:19:04] [INFO  ] [main.java.Utils.Utils]  : Recovered the length of the secret code
[14:19:04] [INFO  ] [main.java.Utils.Utils]  : Reading config file
[14:19:04] [INFO  ] [main.java.Utils.Utils]  : Recovered the length of the secret code
[14:19:04] [INFO  ] [main.java.Utils.Utils]  : Reading config file
[14:19:04] [INFO  ] [main.java.Utils.Utils]  : Recovered the length of the secret code
[14:19:04] [INFO  ] [main.java.Utils.Utils]  : Reading config file
[14:19:04] [INFO  ] [main.java.Utils.Utils]  : Recovered the length of the secret code
[14:19:04] [INFO  ] [main.java.Utils.Utils]  : Reading config file
[14:19:04] [INFO  ] [main.java.Utils.Utils]  : Recovered the length of the secret code
[14:19:04] [INFO  ] [main.java.Utils.Utils]  : Reading config file
[14:19:04] [INFO  ] [main.java.Utils.Utils]  : Recovered the length of the secret code
[14:19:04] [INFO  ] [main.java.Utils.Utils]  : Reading config file
[14:19:04] [INFO  ] [main.java.Utils.Utils]  : Recovered the length of the secret code
[14:19:04] [INFO  ] [main.java.Utils.Utils]  : Reading config file
[14:19:04] [INFO  ] [main.java.Utils.Utils]  : Recovered the length of the secret code
[14:19:04] [INFO  ] [main.java.Utils.Utils]  : Reading config file
[14:19:04] [INFO  ] [main.java.Utils.Utils]  : Recovered the length of the secret code
[14:19:04] [INFO  ] [main.java.Utils.Utils]  : Reading config file
[14:19:04] [INFO  ] [main.java.Utils.Utils]  : Recovered the length of the secret code
[14:19:04] [INFO  ] [main.java.Utils.Utils]  : Reading config file
[14:19:04] [INFO  ] [main.java.Utils.Utils]  : Recovered the length of the secret code
[14:19:04] [INFO  ] [main.java.Utils.Utils]  : Reading config file
[14:19:04] [INFO  ] [main.java.Utils.Utils]  : Recovered the length of the secret code
[14:19:04] [INFO  ] [main.java.Utils.Utils]  : Reading config file
[14:19:04] [INFO  ] [main.java.Utils.Utils]  : Recovered the length of the secret code
[14:19:04] [INFO  ] [main.java.Utils.Utils]  : Reading config file
[14:19:04] [INFO  ] [main.java.Utils.Utils]  : Recovered the length of the secret code
[14:19:04] [INFO  ] [main.java.Utils.Utils]  : Reading config file
[14:19:04] [INFO  ] [main.java.Utils.Utils]  : Recovered the length of the secret code
[14:19:04] [INFO  ] [main.java.Utils.Utils]  : Reading config file
[14:19:04] [INFO  ] [main.java.Utils.Utils]  : Recovered the length of the secret code
[14:19:04] [INFO  ] [main.java.Utils.Utils]  : Reading config file
[14:19:04] [INFO  ] [main.java.Utils.Utils]  : Recovered the length of the secret code
[14:19:04] [INFO  ] [main.java.Utils.Utils]  : Reading config file
[14:19:04] [INFO  ] [main.java.Utils.Utils]  : Recovered the length of the secret code
[14:19:04] [INFO  ] [main.java.Utils.Utils]  : Reading config file
[14:19:04] [INFO  ] [main.java.Utils.Utils]  : Recovered the length of the secret code
[14:19:04] [INFO  ] [main.java.Utils.Utils]  : Reading config file
[14:19:04] [INFO  ] [main.java.Utils.Utils]  : Recovered the length of the secret code
[14:19:04] [INFO  ] [main.java.Utils.Utils]  : Reading config file
[14:19:04] [INFO  ] [main.java.Utils.Utils]  : Recovered the length of the secret code
[14:19:04] [INFO  ] [main.java.Utils.Utils]  : Reading config file
[14:19:04] [INFO  ] [main.java.Utils.Utils]  : Recovered the length of the secret code
[14:19:04] [INFO  ] [main.java.Utils.Utils]  : Reading config file
[14:19:04] [INFO  ] [main.java.Utils.Utils]  : Recovered the length of the secret code
[14:19:04] [INFO  ] [main.java.Utils.Utils]  : Reading config file
[14:19:04] [INFO  ] [main.java.Utils.Utils]  : Recovered the length of the secret code
[14:19:04] [INFO  ] [main.java.Utils.Utils]  : Reading config file
[14:19:04] [INFO  ] [main.java.Utils.Utils]  : Recovered the length of the secret code
[14:19:04] [INFO  ] [main.java.Utils.Utils]  : Reading config file
[14:19:04] [INFO  ] [main.java.Utils.Utils]  : Recovered the length of the secret code
[14:19:04] [INFO  ] [main.java.Utils.Utils]  : Reading config file
[14:19:04] [INFO  ] [main.java.Utils.Utils]  : Recovered the length of the secret code
[14:19:05] [INFO  ] [main.java.Utils.Utils]  : Reading config file
[14:19:05] [INFO  ] [main.java.Utils.Utils]  : Recovered the length of the secret code
[14:19:05] [INFO  ] [main.java.Utils.Utils]  : Reading config file
[14:19:05] [INFO  ] [main.java.Utils.Utils]  : Recovered the length of the secret code
[14:19:05] [INFO  ] [main.java.Utils.Utils]  : Reading config file
[14:19:05] [INFO  ] [main.java.Utils.Utils]  : Recovered the length of the secret code
[14:19:05] [INFO  ] [main.java.Utils.Utils]  : Reading config file
[14:19:05] [INFO  ] [main.java.Utils.Utils]  : Recovered the length of the secret code
[14:19:05] [INFO  ] [main.java.Utils.Utils]  : Reading config file
[14:19:05] [INFO  ] [main.java.Utils.Utils]  : Recovered the length of the secret code
[14:19:05] [INFO  ] [main.java.Utils.Utils]  : Reading config file
[14:19:05] [INFO  ] [main.java.Utils.Utils]  : Recovered the length of the secret code
[14:19:05] [INFO  ] [main.java.Utils.Utils]  : Reading config file
[14:19:05] [INFO  ] [main.java.Utils.Utils]  : Recovered the length of the secret code
[14:19:05] [INFO  ] [main.java.Utils.Utils]  : Reading config file
[14:19:05] [INFO  ] [main.java.Utils.Utils]  : Recovered the length of the secret code
[14:19:05] [INFO  ] [main.java.Utils.Utils]  : Reading config file
[14:19:05] [INFO  ] [main.java.Utils.Utils]  : Recovered the length of the secret code
[14:19:05] [INFO  ] [main.java.Utils.Utils]  : Reading config file
[14:19:05] [INFO  ] [main.java.Utils.Utils]  : Recovered the length of the secret code
[14:19:05] [INFO  ] [main.java.Utils.Utils]  : Reading config file
[14:19:05] [INFO  ] [main.java.Utils.Utils]  : Recovered the length of the secret code
[14:19:05] [INFO  ] [main.java.Utils.Utils]  : Reading config file
[14:19:05] [INFO  ] [main.java.Utils.Utils]  : Recovered the length of the secret code
[14:19:05] [INFO  ] [main.java.Utils.Utils]  : Reading config file
[14:19:05] [INFO  ] [main.java.Utils.Utils]  : Recovered the length of the secret code
[14:19:05] [INFO  ] [main.java.Utils.Utils]  : Reading config file
[14:19:05] [INFO  ] [main.java.Utils.Utils]  : Recovered the length of the secret code
[14:19:05] [INFO  ] [main.java.Utils.Utils]  : Reading config file
[14:19:05] [INFO  ] [main.java.Utils.Utils]  : Recovered the length of the secret code
[14:19:05] [INFO  ] [main.java.Utils.Utils]  : Reading config file
[14:19:05] [INFO  ] [main.java.Utils.Utils]  : Recovered the length of the secret code
[14:22:09] [INFO  ] [main.java.Main.Menu]  : Mastermind game started in defense mode and developer mode
[14:22:09] [INFO  ] [main.java.Utils.Utils]  : Reading config file
[14:22:09] [INFO  ] [main.java.Utils.Utils]  : Recovered the number of max tries
[14:22:09] [INFO  ] [main.java.Utils.Utils]  : Reading config file
[14:22:09] [INFO  ] [main.java.Utils.Utils]  : Recovered the length of the secret code
[14:22:09] [INFO  ] [main.java.Mastermind.Mastermind]  : Creating the secret code
[14:22:15] [INFO  ] [main.java.Utils.Utils]  : Reading config file
[14:22:15] [INFO  ] [main.java.Utils.Utils]  : Recovered the length of the secret code
[14:22:15] [INFO  ] [main.java.Mastermind.Mastermind]  : Player set the secret code to 14787
[14:22:15] [INFO  ] [main.java.Utils.Utils]  : Reading config file
[14:22:15] [INFO  ] [main.java.Utils.Utils]  : Recovered the length of the secret code
[14:22:15] [INFO  ] [main.java.Utils.Utils]  : Reading config file
[14:22:15] [INFO  ] [main.java.Utils.Utils]  : Recovered the length of the secret code
[14:22:15] [INFO  ] [main.java.Utils.Utils]  : Reading config file
[14:22:15] [INFO  ] [main.java.Utils.Utils]  : Recovered the length of the secret code
[14:22:15] [INFO  ] [main.java.Utils.Utils]  : Reading config file
[14:22:15] [INFO  ] [main.java.Utils.Utils]  : Recovered the length of the secret code
[14:22:15] [INFO  ] [main.java.Utils.Utils]  : Reading config file
[14:22:15] [INFO  ] [main.java.Utils.Utils]  : Recovered the length of the secret code
[14:22:15] [INFO  ] [main.java.Utils.Utils]  : Reading config file
[14:22:15] [INFO  ] [main.java.Utils.Utils]  : Recovered the length of the secret code
[14:22:15] [INFO  ] [main.java.Utils.Utils]  : Reading config file
[14:22:15] [INFO  ] [main.java.Utils.Utils]  : Recovered the length of the secret code
[14:22:15] [INFO  ] [main.java.Utils.Utils]  : Reading config file
[14:22:15] [INFO  ] [main.java.Utils.Utils]  : Recovered the length of the secret code
[14:22:15] [INFO  ] [main.java.Utils.Utils]  : Reading config file
[14:22:15] [INFO  ] [main.java.Utils.Utils]  : Recovered the length of the secret code
[14:22:15] [INFO  ] [main.java.Utils.Utils]  : Reading config file
[14:22:15] [INFO  ] [main.java.Utils.Utils]  : Recovered the length of the secret code
[14:22:15] [INFO  ] [main.java.Utils.Utils]  : Reading config file
[14:22:15] [INFO  ] [main.java.Utils.Utils]  : Recovered the length of the secret code
[14:22:15] [INFO  ] [main.java.Utils.Utils]  : Reading config file
[14:22:15] [INFO  ] [main.java.Utils.Utils]  : Recovered the length of the secret code
[14:22:15] [INFO  ] [main.java.Utils.Utils]  : Reading config file
[14:22:15] [INFO  ] [main.java.Utils.Utils]  : Recovered the length of the secret code
[14:22:15] [INFO  ] [main.java.Utils.Utils]  : Reading config file
[14:22:15] [INFO  ] [main.java.Utils.Utils]  : Recovered the length of the secret code
[14:22:15] [INFO  ] [main.java.Utils.Utils]  : Reading config file
[14:22:15] [INFO  ] [main.java.Utils.Utils]  : Recovered the length of the secret code
[14:22:15] [INFO  ] [main.java.Utils.Utils]  : Reading config file
[14:22:15] [INFO  ] [main.java.Utils.Utils]  : Recovered the length of the secret code
[14:22:15] [INFO  ] [main.java.Utils.Utils]  : Reading config file
[14:22:15] [INFO  ] [main.java.Utils.Utils]  : Recovered the length of the secret code
[14:22:15] [INFO  ] [main.java.Utils.Utils]  : Reading config file
[14:22:15] [INFO  ] [main.java.Utils.Utils]  : Recovered the length of the secret code
[14:22:15] [INFO  ] [main.java.Utils.Utils]  : Reading config file
[14:22:15] [INFO  ] [main.java.Utils.Utils]  : Recovered the length of the secret code
[14:22:15] [INFO  ] [main.java.Utils.Utils]  : Reading config file
[14:22:15] [INFO  ] [main.java.Utils.Utils]  : Recovered the length of the secret code
[14:22:15] [INFO  ] [main.java.Utils.Utils]  : Reading config file
[14:22:15] [INFO  ] [main.java.Utils.Utils]  : Recovered the length of the secret code
[14:22:15] [INFO  ] [main.java.Utils.Utils]  : Reading config file
[14:22:15] [INFO  ] [main.java.Utils.Utils]  : Recovered the length of the secret code
[14:22:15] [INFO  ] [main.java.Utils.Utils]  : Reading config file
[14:22:15] [INFO  ] [main.java.Utils.Utils]  : Recovered the length of the secret code
[14:22:15] [INFO  ] [main.java.Utils.Utils]  : Reading config file
[14:22:15] [INFO  ] [main.java.Utils.Utils]  : Recovered the length of the secret code
[14:22:15] [INFO  ] [main.java.Utils.Utils]  : Reading config file
[14:22:15] [INFO  ] [main.java.Utils.Utils]  : Recovered the length of the secret code
[14:22:15] [INFO  ] [main.java.Utils.Utils]  : Reading config file
[14:22:15] [INFO  ] [main.java.Utils.Utils]  : Recovered the length of the secret code
[14:22:15] [INFO  ] [main.java.Utils.Utils]  : Reading config file
[14:22:15] [INFO  ] [main.java.Utils.Utils]  : Recovered the length of the secret code
[14:22:15] [INFO  ] [main.java.Utils.Utils]  : Reading config file
[14:22:15] [INFO  ] [main.java.Utils.Utils]  : Recovered the length of the secret code
[14:22:15] [INFO  ] [main.java.Utils.Utils]  : Reading config file
[14:22:15] [INFO  ] [main.java.Utils.Utils]  : Recovered the length of the secret code
[14:22:15] [INFO  ] [main.java.Utils.Utils]  : Reading config file
[14:22:15] [INFO  ] [main.java.Utils.Utils]  : Recovered the length of the secret code
[14:22:15] [INFO  ] [main.java.Utils.Utils]  : Reading config file
[14:22:15] [INFO  ] [main.java.Utils.Utils]  : Recovered the length of the secret code
[14:22:15] [INFO  ] [main.java.Utils.Utils]  : Reading config file
[14:22:15] [INFO  ] [main.java.Utils.Utils]  : Recovered the length of the secret code
[14:22:15] [INFO  ] [main.java.Utils.Utils]  : Reading config file
[14:22:15] [INFO  ] [main.java.Utils.Utils]  : Recovered the length of the secret code
[14:22:15] [INFO  ] [main.java.Utils.Utils]  : Reading config file
[14:22:15] [INFO  ] [main.java.Utils.Utils]  : Recovered the length of the secret code
[14:22:15] [INFO  ] [main.java.Utils.Utils]  : Reading config file
[14:22:15] [INFO  ] [main.java.Utils.Utils]  : Recovered the length of the secret code
[14:22:15] [INFO  ] [main.java.Utils.Utils]  : Reading config file
[14:22:15] [INFO  ] [main.java.Utils.Utils]  : Recovered the length of the secret code
[14:22:15] [INFO  ] [main.java.Utils.Utils]  : Reading config file
[14:22:15] [INFO  ] [main.java.Utils.Utils]  : Recovered the length of the secret code
[14:22:15] [INFO  ] [main.java.Utils.Utils]  : Reading config file
[14:22:15] [INFO  ] [main.java.Utils.Utils]  : Recovered the length of the secret code
[14:22:15] [INFO  ] [main.java.Utils.Utils]  : Reading config file
[14:22:15] [INFO  ] [main.java.Utils.Utils]  : Recovered the length of the secret code
[14:22:15] [INFO  ] [main.java.Utils.Utils]  : Reading config file
[14:22:15] [INFO  ] [main.java.Utils.Utils]  : Recovered the length of the secret code
[14:22:15] [INFO  ] [main.java.Utils.Utils]  : Reading config file
[14:22:15] [INFO  ] [main.java.Utils.Utils]  : Recovered the length of the secret code
[14:22:15] [INFO  ] [main.java.Utils.Utils]  : Reading config file
[14:22:15] [INFO  ] [main.java.Utils.Utils]  : Recovered the length of the secret code
[14:22:15] [INFO  ] [main.java.Utils.Utils]  : Reading config file
[14:22:15] [INFO  ] [main.java.Utils.Utils]  : Recovered the length of the secret code
[14:22:15] [INFO  ] [main.java.Utils.Utils]  : Reading config file
[14:22:15] [INFO  ] [main.java.Utils.Utils]  : Recovered the length of the secret code
[14:22:15] [INFO  ] [main.java.Utils.Utils]  : Reading config file
[14:22:15] [INFO  ] [main.java.Utils.Utils]  : Recovered the length of the secret code
[14:22:15] [INFO  ] [main.java.Utils.Utils]  : Reading config file
[14:22:15] [INFO  ] [main.java.Utils.Utils]  : Recovered the length of the secret code
[14:22:15] [INFO  ] [main.java.Utils.Utils]  : Reading config file
[14:22:15] [INFO  ] [main.java.Utils.Utils]  : Recovered the length of the secret code
[14:22:15] [INFO  ] [main.java.Utils.Utils]  : Reading config file
[14:22:15] [INFO  ] [main.java.Utils.Utils]  : Recovered the length of the secret code
[14:22:15] [INFO  ] [main.java.Utils.Utils]  : Reading config file
[14:22:15] [INFO  ] [main.java.Utils.Utils]  : Recovered the length of the secret code
[14:22:15] [INFO  ] [main.java.Utils.Utils]  : Reading config file
[14:22:15] [INFO  ] [main.java.Utils.Utils]  : Recovered the length of the secret code
[14:22:15] [INFO  ] [main.java.Utils.Utils]  : Reading config file
[14:22:15] [INFO  ] [main.java.Utils.Utils]  : Recovered the length of the secret code
[14:22:15] [INFO  ] [main.java.Utils.Utils]  : Reading config file
